ASB
/\[31m([37m
  =[32m([37m
    in 
    [][33m([37m
      108 
      105 
      50 
      101 
      105 
      51 
      101 
      101
    [33m)[37m
  [32m)[37m 
  =[32m([37muit bdecodeA[33m([37min[33m)[37m[32m)[37m 
  =[32m([37m
    standaarduitvoer 
    tekst[33m([37muit[33m)[37m
  [32m)[37m 
  =[32m([37m
    blijstA 
    =>[33m([37m
      =[35m([37mdataA[36m([37m0[36m)[37m 108[35m)[37m 
      [][35m([37m
        bdecodeB[36m([37m
          deel[31m([37mdataA [][32m([37m1 #[33m([37mdataA[33m)[37m[32m)[37m[31m)[37m
        [36m)[37m
      [35m)[37m
    [33m)[37m
  [32m)[37m 
  =[32m([37m
    bdecodeA 
    ->[33m([37m
      dataA 
      |[35m([37mbintA blijstA[35m)[37m
    [33m)[37m
  [32m)[37m 
  =[32m([37m
    bintA 
    =>[33m([37m=[35m([37mdataA[36m([37m0[36m)[37m 105[35m)[37m wintA[33m)[37m
  [32m)[37m 
  =[32m([37m
    ieindA 
    vind[33m([37mdataA [][35m([37m101[35m)[37m[33m)[37m
  [32m)[37m 
  =[32m([37m
    wintA 
    deel[33m([37mdataA [][35m([37m1 ieindA[35m)[37m[33m)[37m
  [32m)[37m 
  =[32m([37m
    bdecodeB 
    ->[33m([37m
      dataB 
      |[35m([37mbintB blijstB[35m)[37m
    [33m)[37m
  [32m)[37m 
  =[32m([37m
    blijstB 
    =>[33m([37m
      =[35m([37mdataB[36m([37m0[36m)[37m 108[35m)[37m 
      [][35m([37m
        60 
        108 
        105 
        106 
        115 
        116 
        62
      [35m)[37m
    [33m)[37m
  [32m)[37m 
  =[32m([37m
    bintB 
    =>[33m([37m=[35m([37mdataB[36m([37m0[36m)[37m 105[35m)[37m wintB[33m)[37m
  [32m)[37m 
  =[32m([37m
    ieindB 
    vind[33m([37mdataB [][35m([37m101[35m)[37m[33m)[37m
  [32m)[37m 
  =[32m([37m
    wintB 
    deel[33m([37mdataB [][35m([37m1 ieindB[35m)[37m[33m)[37m
  [32m)[37m
[31m)[37m

ISOLEER	:=[31m([37mdataB _A[31m)[37m
ISOLEER	:=[31m([37m
  bintB 
  =>[32m([37m=[33m([37mdataB[35m([37m0[35m)[37m 105[33m)[37m wintB[32m)[37m
[31m)[37m
ISOLEER	:=[31m([37m
  wintA 
  deel[32m([37mdataA [][33m([37m1 ieindA[33m)[37m[32m)[37m
[31m)[37m
ISOLEER	:=[31m([37mdataA _Z[31m)[37m
ISOLEER	:=[31m([37m
  bdecodeA 
  ->[32m([37m_Z |[33m([37mbintA blijstA[33m)[37m[32m)[37m
[31m)[37m
ISOLEER	:=[31m([37m
  ieindA 
  vind[32m([37mdataA [][33m([37m101[33m)[37m[32m)[37m
[31m)[37m
ISOLEER	:=[31m([37m
  wintB 
  deel[32m([37mdataB [][33m([37m1 ieindB[33m)[37m[32m)[37m
[31m)[37m
ISOLEER	:=[31m([37m
  blijstB 
  =>[32m([37m
    =[33m([37mdataB[35m([37m0[35m)[37m 108[33m)[37m 
    [][33m([37m
      60 
      108 
      105 
      106 
      115 
      116 
      62
    [33m)[37m
  [32m)[37m
[31m)[37m
ISOLEER	:=[31m([37m
  ieindB 
  vind[32m([37mdataB [][33m([37m101[33m)[37m[32m)[37m
[31m)[37m
ISOLEER	:=[31m([37m
  bdecodeB 
  ->[32m([37m_A |[33m([37mbintB blijstB[33m)[37m[32m)[37m
[31m)[37m
ISOLEER	:=[31m([37m
  standaarduitvoer 
  tekst[32m([37muit[32m)[37m
[31m)[37m
=[31m([37m
  standaarduitvoer 
  tekst[32m([37muit[32m)[37m
[31m)[37m -> =[31m([37m
  standaarduitvoer 
  tekst[32m([37muit[32m)[37m
[31m)[37m
ISOLEER	:=[31m([37m
  uit 
  getal[32m([37mstandaarduitvoer[32m)[37m
[31m)[37m
ISOLEER	:=[31m([37m
  in 
  [][32m([37m
    108 
    105 
    50 
    101 
    105 
    51 
    101 
    101
  [32m)[37m
[31m)[37m
=[31m([37muit bdecodeA[32m([37min[32m)[37m[31m)[37m -> =[31m([37muit bdecodeA[32m([37min[32m)[37m[31m)[37m
ISOLEER	:=[31m([37min [32m([37minverteer[33m([37mbdecodeA[33m)[37m[32m)[37m[32m([37muit[32m)[37m[31m)[37m
ISOLEER	:=[31m([37muit bdecodeA[32m([37min[32m)[37m[31m)[37m
ISOLEER	:=[31m([37m
  bintA 
  =>[32m([37m=[33m([37mdataA[35m([37m0[35m)[37m 105[33m)[37m wintA[32m)[37m
[31m)[37m
ISOLEER	:=[31m([37m
  blijstA 
  =>[32m([37m
    =[33m([37mdataA[35m([37m0[35m)[37m 108[33m)[37m 
    [][33m([37m
      bdecodeB[35m([37m
        deel[36m([37mdataA [][31m([37m1 #[32m([37mdataA[32m)[37m[31m)[37m[36m)[37m
      [35m)[37m
    [33m)[37m
  [32m)[37m
[31m)[37m
Heb nu
	 -> dataA
 -> dataB
 -> in
bdecodeA in -> uit
bdecodeA uit -> in
bdecodeB dataA -> blijstA
bintA blijstA -> bdecodeA
bintB blijstB -> bdecodeB
dataA -> ieindA
dataA ieindA -> wintA
dataA wintA -> bintA
dataB -> blijstB
dataB -> ieindB
dataB ieindB -> wintB
dataB wintB -> bintB
standaarduitvoer -> uit
uit -> standaarduitvoer
BEGIN?	standaarduitvoer	false
BEGIN?	bintB	false
BEGIN?	ieindA	false
BEGIN?	ieindB	false
BEGIN?	in	false
  LEEG
BEGIN?	bdecodeB	false
BEGIN?	dataA	false
  LEEG
BEGIN?	blijstB	false
BEGIN?	uit	false
BEGIN?	dataB	false
  LEEG
BEGIN?	bdecodeA	false
BEGIN?	wintB	false
BEGIN?	blijstA	false
BEGIN?	wintA	false
BEGIN?	bintA	false
BEGIN:	bdecodeA uit -> in
LINK?	bdecodeA uit -> in
  NEE: uit is onbekend	string
  NEE: bdecodeA is onbekend	string
  DOEL?	in
LINK?	 -> in
  DOEL?	in
  JA	string
LINK?	bdecodeA in -> uit
  NEE: bdecodeA is onbekend	string
  DOEL?	uit
LINK?	 -> dataA
  DOEL?	dataA
  JA	string
LINK?	dataA wintA -> bintA
  NEE: wintA is onbekend	string
  DOEL?	bintA
LINK?	bdecodeB dataA -> blijstA
  NEE: bdecodeB is onbekend	string
  DOEL?	blijstA
LINK?	 -> dataB
  DOEL?	dataB
  JA	string
LINK?	dataB ieindB -> wintB
  NEE: ieindB is onbekend	string
  DOEL?	wintB
LINK?	dataA ieindA -> wintA
  NEE: ieindA is onbekend	string
  DOEL?	wintA
LINK?	dataA -> ieindA
  DOEL?	ieindA
  JA	string
LINK?	dataA ieindA -> wintA
  DOEL?	wintA
  JA	string
LINK?	dataA wintA -> bintA
  DOEL?	bintA
  JA	string
LINK?	bintA blijstA -> bdecodeA
  NEE: blijstA is onbekend	string
  DOEL?	bdecodeA
LINK?	dataB -> blijstB
  DOEL?	blijstB
  JA	string
LINK?	dataB wintB -> bintB
  NEE: wintB is onbekend	string
  DOEL?	bintB
LINK?	dataB -> ieindB
  DOEL?	ieindB
  JA	string
LINK?	dataB ieindB -> wintB
  DOEL?	wintB
  JA	string
LINK?	dataB wintB -> bintB
  DOEL?	bintB
  JA	string
LINK?	bintB blijstB -> bdecodeB
  DOEL?	bdecodeB
  JA	string
LINK?	bdecodeB dataA -> blijstA
  DOEL?	blijstA
  JA	string
LINK?	bintA blijstA -> bdecodeA
  DOEL?	bdecodeA
  JA	string
LINK?	bdecodeA uit -> in
  NEE: uit is onbekend	string
  DOEL?	in
LINK?	bdecodeA in -> uit
  DOEL?	uit
  JA	string
LINK?	bdecodeA uit -> in
  DOEL?	in
LINK?	uit -> standaarduitvoer
  DOEL?	standaarduitvoer
  JA	string
LINK?	standaarduitvoer -> uit
  DOEL?	uit
KLAAR	() -> dataA
() -> dataB
() -> in
bdecodeA in -> uit
bdecodeB dataA -> blijstA
bintA blijstA -> bdecodeA
bintB blijstB -> bdecodeB
dataA -> ieindA
dataA ieindA -> wintA
dataA wintA -> bintA
dataB -> blijstB
dataB -> ieindB
dataB ieindB -> wintB
dataB wintB -> bintB
uit -> standaarduitvoer

Begin substitutie	standaarduitvoer
Stapje	standaarduitvoer	standaarduitvoer	tekst[31m([37muit[31m)[37m	tekst[31m([37muit[31m)[37m
Stapje	tekst[31m([37muit[31m)[37m	uit	bdecodeA[31m([37min[31m)[37m	tekst[31m([37mbdecodeA[32m([37min[32m)[37m[31m)[37m
Stapje	tekst[31m([37mbdecodeA[32m([37min[32m)[37m[31m)[37m	bdecodeA	->[31m([37m_Z |[32m([37mbintA blijstA[32m)[37m[31m)[37m	tekst[31m([37m[32m([37m->[33m([37m_Z |[35m([37mbintA blijstA[35m)[37m[33m)[37m[32m)[37m[32m([37min[32m)[37m[31m)[37m
Stapje	tekst[31m([37m[32m([37m->[33m([37m_Z |[35m([37mbintA blijstA[35m)[37m[33m)[37m[32m)[37m[32m([37min[32m)[37m[31m)[37m	blijstA	=>[31m([37m
  =[32m([37mdataA[33m([37m0[33m)[37m 108[32m)[37m 
  [][32m([37m
    bdecodeB[33m([37m
      deel[35m([37mdataA [][36m([37m1 #[31m([37mdataA[31m)[37m[36m)[37m[35m)[37m
    [33m)[37m
  [32m)[37m
[31m)[37m	tekst[31m([37m[32m([37m->[33m([37m
      _Z 
      |[35m([37m
        bintA 
        =>[36m([37m
          =[31m([37mdataA[32m([37m0[32m)[37m 108[31m)[37m 
          [][31m([37m
            bdecodeB[32m([37m
              deel[33m([37mdataA [][35m([37m1 #[36m([37mdataA[36m)[37m[35m)[37m[33m)[37m
            [32m)[37m
          [31m)[37m
        [36m)[37m
      [35m)[37m
    [33m)[37m[32m)[37m[32m([37min[32m)[37m[31m)[37m
Stapje	tekst[31m([37m[32m([37m->[33m([37m
      _Z 
      |[35m([37m
        bintA 
        =>[36m([37m
          =[31m([37mdataA[32m([37m0[32m)[37m 108[31m)[37m 
          [][31m([37m
            bdecodeB[32m([37m
              deel[33m([37mdataA [][35m([37m1 #[36m([37mdataA[36m)[37m[35m)[37m[33m)[37m
            [32m)[37m
          [31m)[37m
        [36m)[37m
      [35m)[37m
    [33m)[37m[32m)[37m[32m([37min[32m)[37m[31m)[37m	bdecodeB	->[31m([37m_A |[32m([37mbintB blijstB[32m)[37m[31m)[37m	tekst[31m([37m[32m([37m->[33m([37m
      _Z 
      |[35m([37m
        bintA 
        =>[36m([37m
          =[31m([37mdataA[32m([37m0[32m)[37m 108[31m)[37m 
          [][31m([37m
            [32m([37m->[33m([37m_A |[35m([37mbintB blijstB[35m)[37m[33m)[37m[32m)[37m[32m([37m
              deel[33m([37mdataA [][35m([37m1 #[36m([37mdataA[36m)[37m[35m)[37m[33m)[37m
            [32m)[37m
          [31m)[37m
        [36m)[37m
      [35m)[37m
    [33m)[37m[32m)[37m[32m([37min[32m)[37m[31m)[37m
Stapje	tekst[31m([37m[32m([37m->[33m([37m
      _Z 
      |[35m([37m
        bintA 
        =>[36m([37m
          =[31m([37mdataA[32m([37m0[32m)[37m 108[31m)[37m 
          [][31m([37m
            [32m([37m->[33m([37m_A |[35m([37mbintB blijstB[35m)[37m[33m)[37m[32m)[37m[32m([37m
              deel[33m([37mdataA [][35m([37m1 #[36m([37mdataA[36m)[37m[35m)[37m[33m)[37m
            [32m)[37m
          [31m)[37m
        [36m)[37m
      [35m)[37m
    [33m)[37m[32m)[37m[32m([37min[32m)[37m[31m)[37m	bintB	=>[31m([37m=[32m([37mdataB[33m([37m0[33m)[37m 105[32m)[37m wintB[31m)[37m	tekst[31m([37m[32m([37m->[33m([37m
      _Z 
      |[35m([37m
        bintA 
        =>[36m([37m
          =[31m([37mdataA[32m([37m0[32m)[37m 108[31m)[37m 
          [][31m([37m
            [32m([37m->[33m([37m
                _A 
                |[35m([37m
                  =>[36m([37m=[31m([37mdataB[32m([37m0[32m)[37m 105[31m)[37m wintB[36m)[37m 
                  blijstB
                [35m)[37m
              [33m)[37m[32m)[37m[32m([37m
              deel[33m([37mdataA [][35m([37m1 #[36m([37mdataA[36m)[37m[35m)[37m[33m)[37m
            [32m)[37m
          [31m)[37m
        [36m)[37m
      [35m)[37m
    [33m)[37m[32m)[37m[32m([37min[32m)[37m[31m)[37m
Stapje	tekst[31m([37m[32m([37m->[33m([37m
      _Z 
      |[35m([37m
        bintA 
        =>[36m([37m
          =[31m([37mdataA[32m([37m0[32m)[37m 108[31m)[37m 
          [][31m([37m
            [32m([37m->[33m([37m
                _A 
                |[35m([37m
                  =>[36m([37m=[31m([37mdataB[32m([37m0[32m)[37m 105[31m)[37m wintB[36m)[37m 
                  blijstB
                [35m)[37m
              [33m)[37m[32m)[37m[32m([37m
              deel[33m([37mdataA [][35m([37m1 #[36m([37mdataA[36m)[37m[35m)[37m[33m)[37m
            [32m)[37m
          [31m)[37m
        [36m)[37m
      [35m)[37m
    [33m)[37m[32m)[37m[32m([37min[32m)[37m[31m)[37m	wintB	deel[31m([37mdataB [][32m([37m1 ieindB[32m)[37m[31m)[37m	tekst[31m([37m[32m([37m->[33m([37m
      _Z 
      |[35m([37m
        bintA 
        =>[36m([37m
          =[31m([37mdataA[32m([37m0[32m)[37m 108[31m)[37m 
          [][31m([37m
            [32m([37m->[33m([37m
                _A 
                |[35m([37m
                  =>[36m([37m
                    =[31m([37mdataB[32m([37m0[32m)[37m 105[31m)[37m 
                    deel[31m([37mdataB [][32m([37m1 ieindB[32m)[37m[31m)[37m
                  [36m)[37m 
                  blijstB
                [35m)[37m
              [33m)[37m[32m)[37m[32m([37m
              deel[33m([37mdataA [][35m([37m1 #[36m([37mdataA[36m)[37m[35m)[37m[33m)[37m
            [32m)[37m
          [31m)[37m
        [36m)[37m
      [35m)[37m
    [33m)[37m[32m)[37m[32m([37min[32m)[37m[31m)[37m
Stapje	tekst[31m([37m[32m([37m->[33m([37m
      _Z 
      |[35m([37m
        bintA 
        =>[36m([37m
          =[31m([37mdataA[32m([37m0[32m)[37m 108[31m)[37m 
          [][31m([37m
            [32m([37m->[33m([37m
                _A 
                |[35m([37m
                  =>[36m([37m
                    =[31m([37mdataB[32m([37m0[32m)[37m 105[31m)[37m 
                    deel[31m([37mdataB [][32m([37m1 ieindB[32m)[37m[31m)[37m
                  [36m)[37m 
                  blijstB
                [35m)[37m
              [33m)[37m[32m)[37m[32m([37m
              deel[33m([37mdataA [][35m([37m1 #[36m([37mdataA[36m)[37m[35m)[37m[33m)[37m
            [32m)[37m
          [31m)[37m
        [36m)[37m
      [35m)[37m
    [33m)[37m[32m)[37m[32m([37min[32m)[37m[31m)[37m	ieindB	vind[31m([37mdataB [][32m([37m101[32m)[37m[31m)[37m	tekst[31m([37m[32m([37m->[33m([37m
      _Z 
      |[35m([37m
        bintA 
        =>[36m([37m
          =[31m([37mdataA[32m([37m0[32m)[37m 108[31m)[37m 
          [][31m([37m
            [32m([37m->[33m([37m
                _A 
                |[35m([37m
                  =>[36m([37m
                    =[31m([37mdataB[32m([37m0[32m)[37m 105[31m)[37m 
                    deel[31m([37m
                      dataB 
                      [][32m([37m1 vind[33m([37mdataB [][35m([37m101[35m)[37m[33m)[37m[32m)[37m
                    [31m)[37m
                  [36m)[37m 
                  blijstB
                [35m)[37m
              [33m)[37m[32m)[37m[32m([37m
              deel[33m([37mdataA [][35m([37m1 #[36m([37mdataA[36m)[37m[35m)[37m[33m)[37m
            [32m)[37m
          [31m)[37m
        [36m)[37m
      [35m)[37m
    [33m)[37m[32m)[37m[32m([37min[32m)[37m[31m)[37m
Stapje	tekst[31m([37m[32m([37m->[33m([37m
      _Z 
      |[35m([37m
        bintA 
        =>[36m([37m
          =[31m([37mdataA[32m([37m0[32m)[37m 108[31m)[37m 
          [][31m([37m
            [32m([37m->[33m([37m
                _A 
                |[35m([37m
                  =>[36m([37m
                    =[31m([37mdataB[32m([37m0[32m)[37m 105[31m)[37m 
                    deel[31m([37m
                      dataB 
                      [][32m([37m1 vind[33m([37mdataB [][35m([37m101[35m)[37m[33m)[37m[32m)[37m
                    [31m)[37m
                  [36m)[37m 
                  blijstB
                [35m)[37m
              [33m)[37m[32m)[37m[32m([37m
              deel[33m([37mdataA [][35m([37m1 #[36m([37mdataA[36m)[37m[35m)[37m[33m)[37m
            [32m)[37m
          [31m)[37m
        [36m)[37m
      [35m)[37m
    [33m)[37m[32m)[37m[32m([37min[32m)[37m[31m)[37m	blijstB	=>[31m([37m
  =[32m([37mdataB[33m([37m0[33m)[37m 108[32m)[37m 
  [][32m([37m
    60 
    108 
    105 
    106 
    115 
    116 
    62
  [32m)[37m
[31m)[37m	tekst[31m([37m[32m([37m->[33m([37m
      _Z 
      |[35m([37m
        bintA 
        =>[36m([37m
          =[31m([37mdataA[32m([37m0[32m)[37m 108[31m)[37m 
          [][31m([37m
            [32m([37m->[33m([37m
                _A 
                |[35m([37m
                  =>[36m([37m
                    =[31m([37mdataB[32m([37m0[32m)[37m 105[31m)[37m 
                    deel[31m([37m
                      dataB 
                      [][32m([37m1 vind[33m([37mdataB [][35m([37m101[35m)[37m[33m)[37m[32m)[37m
                    [31m)[37m
                  [36m)[37m 
                  =>[36m([37m
                    =[31m([37mdataB[32m([37m0[32m)[37m 108[31m)[37m 
                    [][31m([37m
                      60 
                      108 
                      105 
                      106 
                      115 
                      116 
                      62
                    [31m)[37m
                  [36m)[37m
                [35m)[37m
              [33m)[37m[32m)[37m[32m([37m
              deel[33m([37mdataA [][35m([37m1 #[36m([37mdataA[36m)[37m[35m)[37m[33m)[37m
            [32m)[37m
          [31m)[37m
        [36m)[37m
      [35m)[37m
    [33m)[37m[32m)[37m[32m([37min[32m)[37m[31m)[37m
Stapje	tekst[31m([37m[32m([37m->[33m([37m
      _Z 
      |[35m([37m
        bintA 
        =>[36m([37m
          =[31m([37mdataA[32m([37m0[32m)[37m 108[31m)[37m 
          [][31m([37m
            [32m([37m->[33m([37m
                _A 
                |[35m([37m
                  =>[36m([37m
                    =[31m([37mdataB[32m([37m0[32m)[37m 105[31m)[37m 
                    deel[31m([37m
                      dataB 
                      [][32m([37m1 vind[33m([37mdataB [][35m([37m101[35m)[37m[33m)[37m[32m)[37m
                    [31m)[37m
                  [36m)[37m 
                  =>[36m([37m
                    =[31m([37mdataB[32m([37m0[32m)[37m 108[31m)[37m 
                    [][31m([37m
                      60 
                      108 
                      105 
                      106 
                      115 
                      116 
                      62
                    [31m)[37m
                  [36m)[37m
                [35m)[37m
              [33m)[37m[32m)[37m[32m([37m
              deel[33m([37mdataA [][35m([37m1 #[36m([37mdataA[36m)[37m[35m)[37m[33m)[37m
            [32m)[37m
          [31m)[37m
        [36m)[37m
      [35m)[37m
    [33m)[37m[32m)[37m[32m([37min[32m)[37m[31m)[37m	dataB	_A	tekst[31m([37m[32m([37m->[33m([37m
      _Z 
      |[35m([37m
        bintA 
        =>[36m([37m
          =[31m([37mdataA[32m([37m0[32m)[37m 108[31m)[37m 
          [][31m([37m
            [32m([37m->[33m([37m
                _A 
                |[35m([37m
                  =>[36m([37m
                    =[31m([37m_A[32m([37m0[32m)[37m 105[31m)[37m 
                    deel[31m([37m_A [][32m([37m1 vind[33m([37m_A [][35m([37m101[35m)[37m[33m)[37m[32m)[37m[31m)[37m
                  [36m)[37m 
                  =>[36m([37m
                    =[31m([37m_A[32m([37m0[32m)[37m 108[31m)[37m 
                    [][31m([37m
                      60 
                      108 
                      105 
                      106 
                      115 
                      116 
                      62
                    [31m)[37m
                  [36m)[37m
                [35m)[37m
              [33m)[37m[32m)[37m[32m([37m
              deel[33m([37mdataA [][35m([37m1 #[36m([37mdataA[36m)[37m[35m)[37m[33m)[37m
            [32m)[37m
          [31m)[37m
        [36m)[37m
      [35m)[37m
    [33m)[37m[32m)[37m[32m([37min[32m)[37m[31m)[37m
Stapje	tekst[31m([37m[32m([37m->[33m([37m
      _Z 
      |[35m([37m
        bintA 
        =>[36m([37m
          =[31m([37mdataA[32m([37m0[32m)[37m 108[31m)[37m 
          [][31m([37m
            [32m([37m->[33m([37m
                _A 
                |[35m([37m
                  =>[36m([37m
                    =[31m([37m_A[32m([37m0[32m)[37m 105[31m)[37m 
                    deel[31m([37m_A [][32m([37m1 vind[33m([37m_A [][35m([37m101[35m)[37m[33m)[37m[32m)[37m[31m)[37m
                  [36m)[37m 
                  =>[36m([37m
                    =[31m([37m_A[32m([37m0[32m)[37m 108[31m)[37m 
                    [][31m([37m
                      60 
                      108 
                      105 
                      106 
                      115 
                      116 
                      62
                    [31m)[37m
                  [36m)[37m
                [35m)[37m
              [33m)[37m[32m)[37m[32m([37m
              deel[33m([37mdataA [][35m([37m1 #[36m([37mdataA[36m)[37m[35m)[37m[33m)[37m
            [32m)[37m
          [31m)[37m
        [36m)[37m
      [35m)[37m
    [33m)[37m[32m)[37m[32m([37min[32m)[37m[31m)[37m	bintA	=>[31m([37m=[32m([37mdataA[33m([37m0[33m)[37m 105[32m)[37m wintA[31m)[37m	tekst[31m([37m[32m([37m->[33m([37m
      _Z 
      |[35m([37m
        =>[36m([37m=[31m([37mdataA[32m([37m0[32m)[37m 105[31m)[37m wintA[36m)[37m 
        =>[36m([37m
          =[31m([37mdataA[32m([37m0[32m)[37m 108[31m)[37m 
          [][31m([37m
            [32m([37m->[33m([37m
                _A 
                |[35m([37m
                  =>[36m([37m
                    =[31m([37m_A[32m([37m0[32m)[37m 105[31m)[37m 
                    deel[31m([37m_A [][32m([37m1 vind[33m([37m_A [][35m([37m101[35m)[37m[33m)[37m[32m)[37m[31m)[37m
                  [36m)[37m 
                  =>[36m([37m
                    =[31m([37m_A[32m([37m0[32m)[37m 108[31m)[37m 
                    [][31m([37m
                      60 
                      108 
                      105 
                      106 
                      115 
                      116 
                      62
                    [31m)[37m
                  [36m)[37m
                [35m)[37m
              [33m)[37m[32m)[37m[32m([37m
              deel[33m([37mdataA [][35m([37m1 #[36m([37mdataA[36m)[37m[35m)[37m[33m)[37m
            [32m)[37m
          [31m)[37m
        [36m)[37m
      [35m)[37m
    [33m)[37m[32m)[37m[32m([37min[32m)[37m[31m)[37m
Stapje	tekst[31m([37m[32m([37m->[33m([37m
      _Z 
      |[35m([37m
        =>[36m([37m=[31m([37mdataA[32m([37m0[32m)[37m 105[31m)[37m wintA[36m)[37m 
        =>[36m([37m
          =[31m([37mdataA[32m([37m0[32m)[37m 108[31m)[37m 
          [][31m([37m
            [32m([37m->[33m([37m
                _A 
                |[35m([37m
                  =>[36m([37m
                    =[31m([37m_A[32m([37m0[32m)[37m 105[31m)[37m 
                    deel[31m([37m_A [][32m([37m1 vind[33m([37m_A [][35m([37m101[35m)[37m[33m)[37m[32m)[37m[31m)[37m
                  [36m)[37m 
                  =>[36m([37m
                    =[31m([37m_A[32m([37m0[32m)[37m 108[31m)[37m 
                    [][31m([37m
                      60 
                      108 
                      105 
                      106 
                      115 
                      116 
                      62
                    [31m)[37m
                  [36m)[37m
                [35m)[37m
              [33m)[37m[32m)[37m[32m([37m
              deel[33m([37mdataA [][35m([37m1 #[36m([37mdataA[36m)[37m[35m)[37m[33m)[37m
            [32m)[37m
          [31m)[37m
        [36m)[37m
      [35m)[37m
    [33m)[37m[32m)[37m[32m([37min[32m)[37m[31m)[37m	wintA	deel[31m([37mdataA [][32m([37m1 ieindA[32m)[37m[31m)[37m	tekst[31m([37m[32m([37m->[33m([37m
      _Z 
      |[35m([37m
        =>[36m([37m
          =[31m([37mdataA[32m([37m0[32m)[37m 105[31m)[37m 
          deel[31m([37mdataA [][32m([37m1 ieindA[32m)[37m[31m)[37m
        [36m)[37m 
        =>[36m([37m
          =[31m([37mdataA[32m([37m0[32m)[37m 108[31m)[37m 
          [][31m([37m
            [32m([37m->[33m([37m
                _A 
                |[35m([37m
                  =>[36m([37m
                    =[31m([37m_A[32m([37m0[32m)[37m 105[31m)[37m 
                    deel[31m([37m_A [][32m([37m1 vind[33m([37m_A [][35m([37m101[35m)[37m[33m)[37m[32m)[37m[31m)[37m
                  [36m)[37m 
                  =>[36m([37m
                    =[31m([37m_A[32m([37m0[32m)[37m 108[31m)[37m 
                    [][31m([37m
                      60 
                      108 
                      105 
                      106 
                      115 
                      116 
                      62
                    [31m)[37m
                  [36m)[37m
                [35m)[37m
              [33m)[37m[32m)[37m[32m([37m
              deel[33m([37mdataA [][35m([37m1 #[36m([37mdataA[36m)[37m[35m)[37m[33m)[37m
            [32m)[37m
          [31m)[37m
        [36m)[37m
      [35m)[37m
    [33m)[37m[32m)[37m[32m([37min[32m)[37m[31m)[37m
Stapje	tekst[31m([37m[32m([37m->[33m([37m
      _Z 
      |[35m([37m
        =>[36m([37m
          =[31m([37mdataA[32m([37m0[32m)[37m 105[31m)[37m 
          deel[31m([37mdataA [][32m([37m1 ieindA[32m)[37m[31m)[37m
        [36m)[37m 
        =>[36m([37m
          =[31m([37mdataA[32m([37m0[32m)[37m 108[31m)[37m 
          [][31m([37m
            [32m([37m->[33m([37m
                _A 
                |[35m([37m
                  =>[36m([37m
                    =[31m([37m_A[32m([37m0[32m)[37m 105[31m)[37m 
                    deel[31m([37m_A [][32m([37m1 vind[33m([37m_A [][35m([37m101[35m)[37m[33m)[37m[32m)[37m[31m)[37m
                  [36m)[37m 
                  =>[36m([37m
                    =[31m([37m_A[32m([37m0[32m)[37m 108[31m)[37m 
                    [][31m([37m
                      60 
                      108 
                      105 
                      106 
                      115 
                      116 
                      62
                    [31m)[37m
                  [36m)[37m
                [35m)[37m
              [33m)[37m[32m)[37m[32m([37m
              deel[33m([37mdataA [][35m([37m1 #[36m([37mdataA[36m)[37m[35m)[37m[33m)[37m
            [32m)[37m
          [31m)[37m
        [36m)[37m
      [35m)[37m
    [33m)[37m[32m)[37m[32m([37min[32m)[37m[31m)[37m	ieindA	vind[31m([37mdataA [][32m([37m101[32m)[37m[31m)[37m	tekst[31m([37m[32m([37m->[33m([37m
      _Z 
      |[35m([37m
        =>[36m([37m
          =[31m([37mdataA[32m([37m0[32m)[37m 105[31m)[37m 
          deel[31m([37m
            dataA 
            [][32m([37m1 vind[33m([37mdataA [][35m([37m101[35m)[37m[33m)[37m[32m)[37m
          [31m)[37m
        [36m)[37m 
        =>[36m([37m
          =[31m([37mdataA[32m([37m0[32m)[37m 108[31m)[37m 
          [][31m([37m
            [32m([37m->[33m([37m
                _A 
                |[35m([37m
                  =>[36m([37m
                    =[31m([37m_A[32m([37m0[32m)[37m 105[31m)[37m 
                    deel[31m([37m_A [][32m([37m1 vind[33m([37m_A [][35m([37m101[35m)[37m[33m)[37m[32m)[37m[31m)[37m
                  [36m)[37m 
                  =>[36m([37m
                    =[31m([37m_A[32m([37m0[32m)[37m 108[31m)[37m 
                    [][31m([37m
                      60 
                      108 
                      105 
                      106 
                      115 
                      116 
                      62
                    [31m)[37m
                  [36m)[37m
                [35m)[37m
              [33m)[37m[32m)[37m[32m([37m
              deel[33m([37mdataA [][35m([37m1 #[36m([37mdataA[36m)[37m[35m)[37m[33m)[37m
            [32m)[37m
          [31m)[37m
        [36m)[37m
      [35m)[37m
    [33m)[37m[32m)[37m[32m([37min[32m)[37m[31m)[37m
Stapje	tekst[31m([37m[32m([37m->[33m([37m
      _Z 
      |[35m([37m
        =>[36m([37m
          =[31m([37mdataA[32m([37m0[32m)[37m 105[31m)[37m 
          deel[31m([37m
            dataA 
            [][32m([37m1 vind[33m([37mdataA [][35m([37m101[35m)[37m[33m)[37m[32m)[37m
          [31m)[37m
        [36m)[37m 
        =>[36m([37m
          =[31m([37mdataA[32m([37m0[32m)[37m 108[31m)[37m 
          [][31m([37m
            [32m([37m->[33m([37m
                _A 
                |[35m([37m
                  =>[36m([37m
                    =[31m([37m_A[32m([37m0[32m)[37m 105[31m)[37m 
                    deel[31m([37m_A [][32m([37m1 vind[33m([37m_A [][35m([37m101[35m)[37m[33m)[37m[32m)[37m[31m)[37m
                  [36m)[37m 
                  =>[36m([37m
                    =[31m([37m_A[32m([37m0[32m)[37m 108[31m)[37m 
                    [][31m([37m
                      60 
                      108 
                      105 
                      106 
                      115 
                      116 
                      62
                    [31m)[37m
                  [36m)[37m
                [35m)[37m
              [33m)[37m[32m)[37m[32m([37m
              deel[33m([37mdataA [][35m([37m1 #[36m([37mdataA[36m)[37m[35m)[37m[33m)[37m
            [32m)[37m
          [31m)[37m
        [36m)[37m
      [35m)[37m
    [33m)[37m[32m)[37m[32m([37min[32m)[37m[31m)[37m	in	[][31m([37m
  108 
  105 
  50 
  101 
  105 
  51 
  101 
  101
[31m)[37m	tekst[31m([37m
  [32m([37m->[33m([37m
      _Z 
      |[35m([37m
        =>[36m([37m
          =[31m([37mdataA[32m([37m0[32m)[37m 105[31m)[37m 
          deel[31m([37m
            dataA 
            [][32m([37m1 vind[33m([37mdataA [][35m([37m101[35m)[37m[33m)[37m[32m)[37m
          [31m)[37m
        [36m)[37m 
        =>[36m([37m
          =[31m([37mdataA[32m([37m0[32m)[37m 108[31m)[37m 
          [][31m([37m
            [32m([37m->[33m([37m
                _A 
                |[35m([37m
                  =>[36m([37m
                    =[31m([37m_A[32m([37m0[32m)[37m 105[31m)[37m 
                    deel[31m([37m_A [][32m([37m1 vind[33m([37m_A [][35m([37m101[35m)[37m[33m)[37m[32m)[37m[31m)[37m
                  [36m)[37m 
                  =>[36m([37m
                    =[31m([37m_A[32m([37m0[32m)[37m 108[31m)[37m 
                    [][31m([37m
                      60 
                      108 
                      105 
                      106 
                      115 
                      116 
                      62
                    [31m)[37m
                  [36m)[37m
                [35m)[37m
              [33m)[37m[32m)[37m[32m([37m
              deel[33m([37mdataA [][35m([37m1 #[36m([37mdataA[36m)[37m[35m)[37m[33m)[37m
            [32m)[37m
          [31m)[37m
        [36m)[37m
      [35m)[37m
    [33m)[37m[32m)[37m[32m([37m
    [][33m([37m
      108 
      105 
      50 
      101 
      105 
      51 
      101 
      101
    [33m)[37m
  [32m)[37m
[31m)[37m
Stapje	tekst[31m([37m
  [32m([37m->[33m([37m
      _Z 
      |[35m([37m
        =>[36m([37m
          =[31m([37mdataA[32m([37m0[32m)[37m 105[31m)[37m 
          deel[31m([37m
            dataA 
            [][32m([37m1 vind[33m([37mdataA [][35m([37m101[35m)[37m[33m)[37m[32m)[37m
          [31m)[37m
        [36m)[37m 
        =>[36m([37m
          =[31m([37mdataA[32m([37m0[32m)[37m 108[31m)[37m 
          [][31m([37m
            [32m([37m->[33m([37m
                _A 
                |[35m([37m
                  =>[36m([37m
                    =[31m([37m_A[32m([37m0[32m)[37m 105[31m)[37m 
                    deel[31m([37m_A [][32m([37m1 vind[33m([37m_A [][35m([37m101[35m)[37m[33m)[37m[32m)[37m[31m)[37m
                  [36m)[37m 
                  =>[36m([37m
                    =[31m([37m_A[32m([37m0[32m)[37m 108[31m)[37m 
                    [][31m([37m
                      60 
                      108 
                      105 
                      106 
                      115 
                      116 
                      62
                    [31m)[37m
                  [36m)[37m
                [35m)[37m
              [33m)[37m[32m)[37m[32m([37m
              deel[33m([37mdataA [][35m([37m1 #[36m([37mdataA[36m)[37m[35m)[37m[33m)[37m
            [32m)[37m
          [31m)[37m
        [36m)[37m
      [35m)[37m
    [33m)[37m[32m)[37m[32m([37m
    [][33m([37m
      108 
      105 
      50 
      101 
      105 
      51 
      101 
      101
    [33m)[37m
  [32m)[37m
[31m)[37m	dataA	_Z	tekst[31m([37m
  [32m([37m->[33m([37m
      _Z 
      |[35m([37m
        =>[36m([37m
          =[31m([37m_Z[32m([37m0[32m)[37m 105[31m)[37m 
          deel[31m([37m_Z [][32m([37m1 vind[33m([37m_Z [][35m([37m101[35m)[37m[33m)[37m[32m)[37m[31m)[37m
        [36m)[37m 
        =>[36m([37m
          =[31m([37m_Z[32m([37m0[32m)[37m 108[31m)[37m 
          [][31m([37m[32m([37m->[33m([37m
                _A 
                |[35m([37m
                  =>[36m([37m
                    =[31m([37m_A[32m([37m0[32m)[37m 105[31m)[37m 
                    deel[31m([37m_A [][32m([37m1 vind[33m([37m_A [][35m([37m101[35m)[37m[33m)[37m[32m)[37m[31m)[37m
                  [36m)[37m 
                  =>[36m([37m
                    =[31m([37m_A[32m([37m0[32m)[37m 108[31m)[37m 
                    [][31m([37m
                      60 
                      108 
                      105 
                      106 
                      115 
                      116 
                      62
                    [31m)[37m
                  [36m)[37m
                [35m)[37m
              [33m)[37m[32m)[37m[32m([37mdeel[33m([37m_Z [][35m([37m1 #[36m([37m_Z[36m)[37m[35m)[37m[33m)[37m[32m)[37m[31m)[37m
        [36m)[37m
      [35m)[37m
    [33m)[37m[32m)[37m[32m([37m
    [][33m([37m
      108 
      105 
      50 
      101 
      105 
      51 
      101 
      101
    [33m)[37m
  [32m)[37m
[31m)[37m
Klaar	tekst[31m([37m
  [32m([37m->[33m([37m
      _Z 
      |[35m([37m
        =>[36m([37m
          =[31m([37m_Z[32m([37m0[32m)[37m 105[31m)[37m 
          deel[31m([37m_Z [][32m([37m1 vind[33m([37m_Z [][35m([37m101[35m)[37m[33m)[37m[32m)[37m[31m)[37m
        [36m)[37m 
        =>[36m([37m
          =[31m([37m_Z[32m([37m0[32m)[37m 108[31m)[37m 
          [][31m([37m[32m([37m->[33m([37m
                _A 
                |[35m([37m
                  =>[36m([37m
                    =[31m([37m_A[32m([37m0[32m)[37m 105[31m)[37m 
                    deel[31m([37m_A [][32m([37m1 vind[33m([37m_A [][35m([37m101[35m)[37m[33m)[37m[32m)[37m[31m)[37m
                  [36m)[37m 
                  =>[36m([37m
                    =[31m([37m_A[32m([37m0[32m)[37m 108[31m)[37m 
                    [][31m([37m
                      60 
                      108 
                      105 
                      106 
                      115 
                      116 
                      62
                    [31m)[37m
                  [36m)[37m
                [35m)[37m
              [33m)[37m[32m)[37m[32m([37mdeel[33m([37m_Z [][35m([37m1 #[36m([37m_Z[36m)[37m[35m)[37m[33m)[37m[32m)[37m[31m)[37m
        [36m)[37m
      [35m)[37m
    [33m)[37m[32m)[37m[32m([37m
    [][33m([37m
      108 
      105 
      50 
      101 
      105 
      51 
      101 
      101
    [33m)[37m
  [32m)[37m
[31m)[37m
A	[][31m([37m
  108 
  105 
  50 
  101 
  105 
  51 
  101 
  101
[31m)[37m		= [][31m([37m
  108 
  105 
  50 
  101 
  105 
  51 
  101 
  101
[31m)[37m
B	->[31m([37m
  _Z 
  |[32m([37m
    =>[33m([37m
      =[35m([37m_Z[36m([37m0[36m)[37m 105[35m)[37m 
      deel[35m([37m_Z [][36m([37m1 vind[31m([37m_Z [][32m([37m101[32m)[37m[31m)[37m[36m)[37m[35m)[37m
    [33m)[37m 
    =>[33m([37m
      =[35m([37m_Z[36m([37m0[36m)[37m 108[35m)[37m 
      [][35m([37m[36m([37m->[31m([37m
            _A 
            |[32m([37m
              =>[33m([37m
                =[35m([37m_A[36m([37m0[36m)[37m 105[35m)[37m 
                deel[35m([37m_A [][36m([37m1 vind[31m([37m_A [][32m([37m101[32m)[37m[31m)[37m[36m)[37m[35m)[37m
              [33m)[37m 
              =>[33m([37m
                =[35m([37m_A[36m([37m0[36m)[37m 108[35m)[37m 
                [][35m([37m
                  60 
                  108 
                  105 
                  106 
                  115 
                  116 
                  62
                [35m)[37m
              [33m)[37m
            [32m)[37m
          [31m)[37m[36m)[37m[36m([37mdeel[31m([37m_Z [][32m([37m1 #[33m([37m_Z[33m)[37m[32m)[37m[31m)[37m[36m)[37m[35m)[37m
    [33m)[37m
  [32m)[37m
[31m)[37m		= function: 0x5570a4d6a560
C	B[31m([37mA[31m)[37m		A	[][31m([37m
  108 
  105 
  50 
  101 
  105 
  51 
  101 
  101
[31m)[37m		= [][31m([37m
  108 
  105 
  50 
  101 
  105 
  51 
  101 
  101
[31m)[37m
B	A[31m([37m0[31m)[37m		= 108
C	=[31m([37mB 105[31m)[37m		= false
D	[][31m([37m
  108 
  105 
  50 
  101 
  105 
  51 
  101 
  101
[31m)[37m		= [][31m([37m
  108 
  105 
  50 
  101 
  105 
  51 
  101 
  101
[31m)[37m
E	[][31m([37m
  108 
  105 
  50 
  101 
  105 
  51 
  101 
  101
[31m)[37m		= [][31m([37m
  108 
  105 
  50 
  101 
  105 
  51 
  101 
  101
[31m)[37m
F	[][31m([37m101[31m)[37m		= [][31m([37m101[31m)[37m
G	vind[31m([37mE F[31m)[37m		= 3
H	[][31m([37m1 G[31m)[37m		= [][31m([37m1 3[31m)[37m
I	deel[31m([37mD H[31m)[37m		= [][31m([37m105 50[31m)[37m
J	=>[31m([37mC I[31m)[37m		= false
K	[][31m([37m
  108 
  105 
  50 
  101 
  105 
  51 
  101 
  101
[31m)[37m		= [][31m([37m
  108 
  105 
  50 
  101 
  105 
  51 
  101 
  101
[31m)[37m
L	K[31m([37m0[31m)[37m		= 108
M	=[31m([37mL 108[31m)[37m		= true
N	[][31m([37m
  108 
  105 
  50 
  101 
  105 
  51 
  101 
  101
[31m)[37m		= [][31m([37m
  108 
  105 
  50 
  101 
  105 
  51 
  101 
  101
[31m)[37m
O	[][31m([37m
  108 
  105 
  50 
  101 
  105 
  51 
  101 
  101
[31m)[37m		= [][31m([37m
  108 
  105 
  50 
  101 
  105 
  51 
  101 
  101
[31m)[37m
P	#[31m([37mO[31m)[37m		= 8
Q	[][31m([37m1 P[31m)[37m		= [][31m([37m1 8[31m)[37m
R	deel[31m([37mN Q[31m)[37m		= [][31m([37m
  105 
  50 
  101 
  105 
  51 
  101 
  101
[31m)[37m
S	->[31m([37m
  _A 
  |[32m([37m
    =>[33m([37m
      =[35m([37m_A[36m([37m0[36m)[37m 105[35m)[37m 
      deel[35m([37m_A [][36m([37m1 vind[31m([37m_A [][32m([37m101[32m)[37m[31m)[37m[36m)[37m[35m)[37m
    [33m)[37m 
    =>[33m([37m
      =[35m([37m_A[36m([37m0[36m)[37m 108[35m)[37m 
      [][35m([37m
        60 
        108 
        105 
        106 
        115 
        116 
        62
      [35m)[37m
    [33m)[37m
  [32m)[37m
[31m)[37m		= function: 0x5570a4d45720
T	S[31m([37mR[31m)[37m		A	[][31m([37m
  105 
  50 
  101 
  105 
  51 
  101 
  101
[31m)[37m		= [][31m([37m
  105 
  50 
  101 
  105 
  51 
  101 
  101
[31m)[37m
B	A[31m([37m0[31m)[37m		= 105
C	=[31m([37mB 105[31m)[37m		= true
D	[][31m([37m
  105 
  50 
  101 
  105 
  51 
  101 
  101
[31m)[37m		= [][31m([37m
  105 
  50 
  101 
  105 
  51 
  101 
  101
[31m)[37m
E	[][31m([37m
  105 
  50 
  101 
  105 
  51 
  101 
  101
[31m)[37m		= [][31m([37m
  105 
  50 
  101 
  105 
  51 
  101 
  101
[31m)[37m
F	[][31m([37m101[31m)[37m		= [][31m([37m101[31m)[37m
G	vind[31m([37mE F[31m)[37m		= 2
H	[][31m([37m1 G[31m)[37m		= [][31m([37m1 2[31m)[37m
I	deel[31m([37mD H[31m)[37m		= [][31m([37m50[31m)[37m
J	=>[31m([37mC I[31m)[37m		= [][31m([37m50[31m)[37m
K	[][31m([37m
  105 
  50 
  101 
  105 
  51 
  101 
  101
[31m)[37m		= [][31m([37m
  105 
  50 
  101 
  105 
  51 
  101 
  101
[31m)[37m
L	K[31m([37m0[31m)[37m		= 105
M	=[31m([37mL 108[31m)[37m		= false
N	[][31m([37m
  60 
  108 
  105 
  106 
  115 
  116 
  62
[31m)[37m		= [][31m([37m
  60 
  108 
  105 
  106 
  115 
  116 
  62
[31m)[37m
O	=>[31m([37mM N[31m)[37m		= false
P	|[31m([37mJ O[31m)[37m		= [][31m([37m50[31m)[37m
= [][31m([37m50[31m)[37m
U	[][31m([37mT[31m)[37m		= [][31m([37m[][32m([37m50[32m)[37m[31m)[37m
V	=>[31m([37mM U[31m)[37m		= [][31m([37m[][32m([37m50[32m)[37m[31m)[37m
W	|[31m([37mJ V[31m)[37m		= [][31m([37m[][32m([37m50[32m)[37m[31m)[37m
= [][31m([37m[][32m([37m50[32m)[37m[31m)[37m
D	tekst[31m([37mC[31m)[37m		= false
<ongeldig type>