local tau = math.pi * 2
local ja = true
local nee = false
local pack = pack or table.pack
local unpack = unpack or table.unpack
local max = math.max
local min = math.min
local abs = math.abs
local sin = math.sin
local cos = math.cos
local tan = math.tan
local function cijfer(a)
    return string.byte('0', 1) <= a and a <= string.byte('9', 1)
end
local _pow = function(a,b)
    if type(a) == 'number' then
        return a ^ b
    else
        return function(c)
            for i=1,b do
                c = a(c)
            end
            return c
        end
    end
end
local lijst = 'lijst'
local getal = function(a)
    return tonumber(string.char(table.unpack(a)))
end
local int = function(a)
    local getal
    if type(a) == 'number' then
        getal = a
    else
        getal = tonumber(string.char(table.unpack(a)))
    end
    if not getal then return false end
    return math.floor(getal)
end;
local _iinterval = function(a,b)
    local t = {}
    for i = 1,b-1 do
        t[#t+1] = i
    end
    return t
end;
local waarvoor = function(l,fn)
    local r = {}
    for i,v in ipairs(l) do
        if fn(v) then
            r[#r+1] = v
        end
    end
    return r
end

local som = function(t)
    local som = 0
    for i,v in ipairs(t) do
        som = som + v
    end
    return som
end;
local _istype = function(a,b)
    if type(b) == 'table' and b.is and b.is.set then
        return b.set[a]
    end
    if b == getal then return type(a) == 'number' end
    if b == int then return type(a) == 'number' and a%1 == 0 end
    if b == lijst then return type(a) == 'table' end
    -- set dan maar
    return not not b[a]
    --return false
end
local _procent = function(n) return n / 100 end
local _comp = function(a,b)
    return function(...)
        return b(a(...))
    end
end
local javascript = function(broncode)
    -- ^_^
    require 'bieb'
    return bieb.javascript(broncode)
end
local tabel = function(t)
    local t = t or {}
    t.is = t.is or {}
    t.is.lijst = true
    local mt = {}
    function mt:__call(i)
        return t[i+1]
    end
    setmetatable(t, mt)
    return t
end

local _mapmt = {}
function _mapmt:__call(naam)
    return self[naam]
end
    
local vanaf = function(a,van)
    local t = tabel{}
    for i=van+1,#a do
        t[#t+1] = a[i]
    end
    return t
end

local tot = function(a,tot)
    local t = tabel{}
    for i=1,tot do
        t[#t+1] = a[i]
    end
    return t
end

local deel = function(a,b)
    local van,tot = b[1],b[2]
    local t = tabel{}
    for i=van+1,tot do
        t[#t+1] = a[i]
    end
    return t
end

local _kies = function(a,b)
    local fa = type(a) == 'function'
    local fb = type(b) == 'function'
    if a and b then return 'fout' end
    return a or b
end

cache = cache or {}
local function bestand(naam)
    local naam = string.char(table.unpack(naam))
    if cache[naam] then return cache[naam] end
    local f = io.open(naam)
    local data = f:read('*a')
    f:close()
    local data,err = table.pack(string.byte(data, 1, #data))
    setmetatable(data, getmetatable(tabel()))
    local t = tabel{}
    for i=1,#data do
        t[i] = data[i]
    end
    cache[naam] = t
    return t
end

local cat = function(a,b)
    local r = tabel{}
    for i,v in ipairs(a) do
        for i,v in ipairs(v) do
            r[#r+1] = v
        end
        if b and i ~= #a then
            for i,b in ipairs(b) do
                r[#r+1] = b
            end
        end
    end
    return r
end

local socket = require 'socket'
start = start or socket.gettime()
nu = socket.gettime()

local vind = function(a,b)
    for i=1,#a-#b+1 do
        local gevonden = true
        for j=i,i+#b-1 do
            if a[j] ~= b[j-i+1] then
                gevonden = false
                break
            end
        end
        if gevonden then
            return i-1
        end
    end
    return false
end

local function tekstR(a,t)
    if type(a) == 'table' then
        if a.is and a.is.tupel then t[#t+1] = '('
        elseif a.is and a.is.lijst then t[#t+1] = '['
        elseif a.is and a.is.set then t[#t+1] = '{'
        end

        if a.is and a.is.set then
            for k in pairs(a.set) do
                tekstR(k,t)
                if next(a.set,k) then
                    t[#t+1] = ','
                end
            end
        else
            for i,v in ipairs(a) do
                tekstR(v,t)
                if i < #a then
                    t[#t+1] = ','
                end
            end
        end

        if a.is and a.is.tupel then t[#t+1] = ')'
        elseif a.is and a.is.lijst then t[#t+1] = ']'
        elseif a.is and a.is.set then t[#t+1] = '}'
        end
    else
        t[#t+1] = tostring(a)
    end
            
end

local function tekst(a)
    local t = {}
    tekstR(a, t)
    local t = table.concat(t)
    return {string.byte(t,1,#t)}
end

local xx = function(a,b)
    if type(a) == 'table' and a.is and a.is.set then
        if type(b) == 'table' and b.is and b.is.set then
            local res = {is={set=true},set={}}
            for sa in pairs(a.set) do
                for sb in pairs(b.set) do
                    res.set[{is={tupel=true}, sa, sb}] = true
                end
            end
            return res
        end
    end
            
    if type(a) == 'table' and a.is and a.is.tupel then
        if type(b) == 'table' and b.is and b.is.tupel then
            for i=1,#b do
                a[#a+1] = b[i]
            end
        else
            a[#a+1] = b
        end
    else
        if type(b) == 'table' and b.is and b.is.tuple then
            table.insert(b, 1, a)
            a = b
        else
            a = {is={tupel=true}, a, b}
        end
    end
    return a
end

local herhaal = function(f)
    return function(a)
        local r = a
        while a do
            r = a
            a = f(a)
        end
        return r
    end
end

local function _len(t)
    if type(t) == 'table' and t.is and t.is.set then
        local len = 0
        for _ in pairs(t.set) do len = len + 1 end
        return len
    end
    if type(t) == 'table' and t.is and (t.is.tupel or t.is.lijst) then
        return #t
    end
end

local function _maplet(a, b)
    return {type="maplet", a, b}
end

local function co(...)
    local map = {}
    for i,maplet in ipairs{...} do
        -- sleutel ↦ waarde
        assert(maplet.type == 'maplet', 'kan alleen maplets samenvoegen')
        local s,w = maplet[1],maplet[2]
        map[s] = w
    end
    setmetatable(map, _mapmt)
    return map
end

local C = tabel{108,105,51,101,101}
local D = function (_B)
    local H = tabel{}
    local G = tabel{_B,H}
    local J = function (_A)
        local P = _A(0)
        local O = P(0)
        local N = O == 108
        local M = false
        if N then
            local R = _A(0)
            local Q = vanaf(R,1)
            M = Q
        end
        local V = _A(0)
        local U = V(0)
        local T = U == 100
        local S = false
        if T then
            local X = _A(0)
            local W = vanaf(X,1)
            S = W
        end
        local AB = _A(0)
        local AA = AB(0)
        local Z = cijfer(AA)
        local Y = false
        if Z then
            local AD = _A(0)
            local AG = _A(0)
            local AH = tabel{58}
            local AF = vind(AG,AH)
            local AE = AF + 1
            local AC = vanaf(AD,AE)
            Y = AC
        end
        local AL = _A(0)
        local AK = AL(0)
        local AJ = AK == 105
        local AI = false
        if AJ then
            local AN = _A(0)
            local AQ = _A(0)
            local AR = tabel{101}
            local AP = vind(AQ,AR)
            local AO = AP + 1
            local AM = vanaf(AN,AO)
            AI = AM
        end
        local L = _kies(M,S,Y,AI)
        local AW = _A(0)
        local AV = AW(0)
        local AU = AV == 100
        local AT = false
        if AU then
            local AY = _A(1)
            local AZ = tabel{4}
            local AX = cat{AY, AZ}
            AT = AX
        end
        local BD = _A(0)
        local BC = BD(0)
        local BB = BC == 101
        local BA = false
        if BB then
            local BF = _A(1)
            local BI = _A(1)
            local BH = _len(BI)
            local BG = BH - 1
            local BE = tot(BF,BG)
            BA = BE
        end
        local BM = _A(0)
        local BL = BM(0)
        local BK = cijfer(BL)
        local BJ = false
        if BK then
            local BO = _A(1)
            local BP = tabel{1}
            local BN = cat{BO, BP}
            BJ = BN
        end
        local BT = _A(0)
        local BS = BT(0)
        local BR = BS == 105
        local BQ = false
        if BR then
            local BV = _A(1)
            local BW = tabel{2}
            local BU = cat{BV, BW}
            BQ = BU
        end
        local CA = _A(0)
        local BZ = CA(0)
        local BY = BZ == 108
        local BX = false
        if BY then
            local CC = _A(1)
            local CD = tabel{3}
            local CB = cat{CC, CD}
            BX = CB
        end
        local AS = _kies(AT,BA,BJ,BQ,BX)
        local K = tabel{L,AS}
        return K
    end
    local I = herhaal(J)
    local F = I(G)
    local E = F(1)
    return E
end
local B = D(C)
local A = tekst(B)
return A