Wed Feb 20 23:45:46 2019	"a ^ 2 = 9\\nuit = a \\n"	"3"
Wed Feb 20 23:46:04 2019	"tekst c = uit\\nb = (sin² ∘ cos) a\\na = 3² - 2³ - 1\\nc = fⁿ b\\nf = i → i+1\\nn = 3\\n"	"4"
Wed Feb 20 23:46:06 2019	"fib = n → (fⁿ([0,1])) 0\\nf = a → [a₁, a₀+a₁]\\nuit = \"fib(10) = \" || tekst(fib 10)\\n"	"./doe-bieb.lua:18: attempt to perform arithmetic on local 'a' (a string value)"
Wed Feb 20 23:46:13 2019	"fib = n → (fⁿ([0,1])) 0\\nf = a → [a₁, a₀+a₁]\\nuit = \"fib(10) = \" || tekst(fib 10)\\n"	"./doe-bieb.lua:18: attempt to perform arithmetic on local 'a' (a string value)"
Wed Feb 20 23:46:14 2019	"tekst c = uit\\nb = (sin² ∘ cos) a\\na = 3² - 2³ - 1\\nc = fⁿ b\\nf = i → i+1\\nn = 3\\n"	"4"
Wed Feb 20 23:46:28 2019	"a ^ 2 = 9\\nb ^ 3 = 27\\nuit = a - b\\n"	"0"
Wed Feb 20 23:46:37 2019	"a*3 = 9\\nuit = a\\n"	"3"
Wed Feb 20 23:47:05 2019	"f = x -> x + 1\\nuit = (f^-1)(3)\\n"	"fout"
Thu Feb 21 00:14:36 2019	"tekst c = uit\\nb = (sin² ∘ cos) a\\na = 3² - 2³ - 1\\nc = fⁿ b\\nf = i → i+1\\nn = 3\\n"	"4"
Thu Feb 21 00:14:38 2019	"f = x -> x + 1\\nuit = (f^-1)(3)\\n"	"fout"
Thu Feb 21 00:18:07 2019	"uit = \"a=\" || a\\na² + b² = c²\\nb · 2 = 8\\n10 / c = d + 1\\nd = 4\\n"	"a=\0"
Thu Feb 21 00:18:14 2019	"uit = \"a=\" || tekst(a)\\na² + b² = c²\\nb · 2 = 8\\n10 / c = d + 1\\nd = 4\\n"	"a=nan"
Thu Feb 21 00:18:54 2019	"uit = \"a=\" || tekst(a)\\na² + b² = c²\\nb · 2 = 8\\n10 / c = d + d\\nd = 1\\n"	"a=3"
Thu Feb 21 00:19:43 2019	"uit = \"a: \" || a\\na² + b² = c²\\nb · 2 = 8\\n10 / c = d + 1\\nd = 4\\n"	"a: \0"
Thu Feb 21 00:19:52 2019	"uit = \"a: \" || tekst(a)\\na² + b² = c²\\nb · 2 = 8\\n10 / c = d + 1\\nd = 4\\n"	"a: nan"
Thu Feb 21 00:20:04 2019	"uit = \"a: \" || tekst(a)\\na² + b² = c²\\nb · 2 = 8\\n10 / c = d + d\\nd = 1\\n"	"a: 3"
Thu Feb 21 00:23:56 2019	"tekst c = uit\\nb = (sin² ∘ cos) a\\na = 3² - 2³ - 1\\nc = fⁿ b\\nf = i → i+1\\nn = 3\\n"	"4"
Thu Feb 21 00:24:12 2019	"uit = \"a: \" || tekst(a)\\na² + b² = c²\\nb · 2 = 8\\n10 / c = d + d\\nd = 1\\n"	"a: 3"
Thu Feb 21 00:24:20 2019	"uit = \"a: \" || tekst(a)\\na² + b² = c²\\nb · 2 = 8\\n10 / c = d + d\\nd = 1\\n"	"a: 3"
Thu Feb 21 12:16:13 2019	"uit = \"a: \" || tekst(a)\\na² + b² = c²\\nb · 2 = 8\\n10 / c = d + d\\nd = 1\\n"	"a: 3"
Thu Feb 21 14:43:07 2019	"uit = \"a: \" || tekst(a)\\na² + b² = c²\\nb · 2 = 8\\n10 / c = d + d\\nd = 1\\n"	"a: 3"
Thu Feb 21 17:17:47 2019	"uit = \"a: \" || tekst(a)\\na² + b² = c²\\nb · 2 = 8\\n10 / c = d + d\\nd = 1\\n"	"a: 3"
Fri Feb 22 00:05:58 2019	"uit = \"a: \" || tekst(a)\\na² + b² = c²\\nb · 2 = 8\\n10 / c = d + d\\nd = 1\\n"	"a: 3"
Sat Feb 23 02:47:27 2019	"uit = \"a: \" || tekst(a)\\na² + b² = c²\\nb · 2 = 8\\n10 / c = d + d\\nd = 1\\n"	"a: 3"
Sat Feb 23 02:57:08 2019	"Aantalwedstrijden = 14\\nAantalpunten = 7\\nGemwed = Aantalwedstrijden/Aantalpunten\\nuit = Gemwed\\n"	"2"
Sat Feb 23 02:57:54 2019	"Aantalwedstrijden = 13\\nAantalpunten = 7\\nGemwed = Aantalwedstrijden^-1/Aantalpunten^-1\\nuit = Gemwed\\n"	"fout"
Sat Feb 23 02:58:27 2019	"Aantalwedstrijden = 13\\nAantalpunten = 7\\nGemwed = (Aantalwedstrijden^-1) /Aantalpunten^-1\\nuit = Gemwed\\n"	"fout"
Sat Feb 23 02:58:53 2019	"Aantalwedstrijden = 13\\nAantalpunten = 7\\nGemwed = (Aantalwedstrijden^-1) / (Aantalpunten^-1) \\nuit = Gemwed\\n"	"fout"
Sat Feb 23 02:58:54 2019	"Aantalwedstrijden = 13\\nAantalpunten = 7\\nGemwed = (Aantalwedstrijden^-1) / (Aantalpunten^-1) \\nuit = Gemwed\\n"	"fout"
Sat Feb 23 02:59:25 2019	"Aantalwedstrijden = 13\\nAantalpunten = 7\\nGemwed = Aantalpunten/Aantalwedstrijden\\nuit = Gemwed\\n"	"0.53846153846154"
Sun Feb 24 16:56:19 2019	"uit = \"hoi kees\"\\n"	"hoi kees"
Sun Feb 24 16:57:38 2019	"uit = \"hoi kees\"\\n"	"hoi kees"
Sun Feb 24 16:57:45 2019	"uit = \"hoi kees\" || \"hoi\"\\n"	"hoi keeshoi"
Sun Feb 24 16:57:58 2019	"uit = \"resultaat: \" || \"3\"\\n"	"resultaat: 3"
Sun Feb 24 16:58:08 2019	"uit = \"resultaat: \" || tekst(a)\\na = 3 \\n"	"resultaat: 3"
Sun Feb 24 16:58:13 2019	"uit = \"resultaat: \" || tekst(a)\\na = 4\\n"	"resultaat: 4"
Sun Feb 24 16:58:46 2019	"uit = \"resultaat: \" || tekst(a)\\na^2 = b^2 + c^2\\nb = 3\\nc = 4\\n"	"resultaat: 5"
Sun Feb 24 16:58:59 2019	"uit = \"resultaat: \" || tekst(a)\\na^2 = b^2 + c^2\\nb = 3.5\\nc = 4.5\\n"	"./doe-bieb.lua:18: attempt to perform arithmetic on local 'a' (a table value)"
Sun Feb 24 16:59:11 2019	"uit = \"resultaat: \" || tekst(a)\\na^2 = b^2 + c^2\\nb = 3 + 1/2\\nc = 4 + 1/2\\n"	"resultaat: 5.7008771254957"
Sun Feb 24 17:01:26 2019	"tekst c = uit\\nb = (sin² ∘ cos) a\\na = 3² - 2³ - 1\\nc = fⁿ b\\nf = i → i+1\\nn = 3\\n"	"4"
a	true
Sun Feb 24 17:03:00 2019	"tekst c = uit\\nb = (sin² ∘ cos) a\\na = 0\\nn = 3\\n"	"fout"
Sun Feb 24 17:03:05 2019	"tekst c = uit\\nb = (sin² ∘ cos) a\\na = 0\\nc = fⁿ b\\nf = i → i+1\\nn = 3\\n"	"4"
Sun Feb 24 17:04:29 2019	"fib = n → (fⁿ([0,1])) 0\\nf = a → [a₁, a₀+a₁]\\nuit = \"fib(10) = \" || tekst(fib 10)\\n"	"./doe-bieb.lua:18: attempt to perform arithmetic on local 'a' (a string value)"
Sun Feb 24 17:04:31 2019	"fib = n → (fⁿ([0,1])) 0\\nf = a → [a₁, a₀+a₁]\\nuit = \"fib(10) = \" || tekst(fib 10)\\n"	"./doe-bieb.lua:18: attempt to perform arithmetic on local 'a' (a string value)"
Sun Feb 24 17:05:20 2019	"uit = \"resultaat: \" || tekst(x)\\ny = sin(x) + x\\ny = 3\\n"	"fout"
Sun Feb 24 17:07:02 2019	"uit = \"resultaat: \" || tekst(d)\\na = 3\\nb = 2\\nc = 4\\na * b = c * d\\n"	"resultaat: 1.5"
Sun Feb 24 17:10:15 2019	"uit = \"hoi\"\\n"	"hoi"
Sun Feb 24 17:10:17 2019	"uit = \"hoi\"\\n"	"hoi"
Sun Feb 24 17:14:08 2019	"uit = tekst(a)\\na + 1 = 3\\n"	"2"
Sun Feb 24 17:18:59 2019	"uit = \"resultaat: \" || tekst(d)\\na = 3\\nb = 2 * 6\\nc = 4\\na * b = c * d\\n"	"resultaat: 9"
Sun Feb 24 22:21:20 2019	"nil"	"dienst.lua:37: bad argument #1 to 'ontleed0' (string expected, got nil)"
Sun Feb 24 22:57:51 2019	"uit = \"a: \" || tekst(a)\\na² + b² = c²\\nb · 2 = 30\\n10 / c = d + d\\nd = 1\\n"	"a: nan"
Sun Feb 24 22:58:29 2019	"uit = \"a: \" || tekst(a)\\na² + b² = c²\\nb = 100\\nc = 5\\n"	"a: nan"
Sun Feb 24 22:58:37 2019	"uit = \"a: \" || tekst(a)\\na² + b² = c²\\nb = 4\\nc = 5\\n"	"a: 3"
Sun Feb 24 23:02:11 2019	"uit = \"a: \" || tekst(a)\\na² + b² = c²\\nb = 3\\nc = 5 \\n"	"a: 4"
Thu Feb 28 16:17:54 2019	"uit = \"a: \" || tekst(a)\\na² + b² = c²\\nb · 2 = 8\\n10 / c = d + d\\nd = 1\\n"	"a: 3"
Mon Mar  4 13:55:20 2019	"uit = \"a: \" || tekst(a)\\na² + b² = c²\\nb · 2 = 8\\n10 / c = d + d\\nd = 1\\n"	"a: 3"
Mon Mar  4 13:55:39 2019	"tekst c = uit\\nb = (sin² ∘ cos) a\\na = 3² - 2³ - 1\\nc = fⁿ b\\nf = i → i+1\\nn = 3\\n"	"4"
Mon Mar  4 13:55:40 2019	"fib = n → (fⁿ([0,1])) 0\\nf = a → [a₁, a₀+a₁]\\nuit = \"fib(10) = \" || tekst(fib 10)\\n"	"./doe-bieb.lua:18: attempt to perform arithmetic on local 'a' (a string value)"
Mon Mar  4 13:55:43 2019	"fib = n → (fⁿ([0,1])) 0\\nf = a → [a₁, a₀+a₁]\\nuit = \"fib(10) = \" || tekst(fib 10)\\n"	"./doe-bieb.lua:18: attempt to perform arithmetic on local 'a' (a string value)"
Mon Mar  4 16:02:15 2019	"uit = \"a: \" || tekst(a)\\n2^a = 32\\n"	"a: _\27[31m(\27[37m2 32\27[31m)\27[37m"
Mon Mar  4 16:02:43 2019	"uit = \"a: \" || tekst(a)\\n2^a = 2\\n"	"a: _\27[31m(\27[37m2 2\27[31m)\27[37m"
Mon Mar  4 16:03:03 2019	"uit = \"a: \" || tekst(a)\\na = 3\\n"	"a: 3"
Tue Mar  5 04:07:25 2019	"uit = \"a: \" || tekst(a)\\na² + b² = c²\\nb · 2 = 8\\n10 / c = d + d\\nd = 1\\n"	"a: 3"
