1:1-2:1: syntax error, unexpected '\n'
Wed Mar 27 00:24:14 2019	"; bereken de lengte van a, gegeven b en c\\n; a /\\ c\\n;  /__\\\\n;    b\\n\\na² + b² = c²\\n\9b = 4\\n\9c = 5\\nuit = \"a = \" || tekst(a)\\n\9"	nil
Wed Mar 27 00:24:38 2019	"a² + b² = c²\\n\9b = 4\\n\9c = 5\\nuit = \"a = \" || tekst(a)\\n\\n; bereken de lengte van a, gegeven b en c\\n; a /\\ c\\n;  /__\\\\n;    b\\n\9"	a = 3
som = Σ ((1..1000) waarvoor (i → ★mod3=0 ∧ ★mod5=0) )
uit = tekst som
; If we list all the natural numbers below 10 that are multiples of 3 or 5, we get 3, 5, 6 and 9. The sum of these multiples is 23.
; Find the sum of all the multiples of 3 or 5 below 1000.



Wed Mar 27 00:48:09 2019	"som = Σ ((1..1000) waarvoor (i → ★mod3=0 ∧ ★mod5=0) )\\nuit = tekst som\\n; If we list all the natural numbers below 10 that are multiples of 3 or 5, we get 3, 5, 6 and 9. The sum of these multiples is 23.\\n; Find the sum of all the multiples of 3 or 5 below 1000.\\n"	nil

som = Σ ((1..1000) waarvoor (i → ★mod3=0 ∧ ★mod5=0) )
uit = tekst som
; If we list all the natural numbers below 10 that are multiples of 3 or 5, we get 3, 5, 6 and 9. The sum of these multiples is 23.
; Find the sum of all the multiples of 3 or 5 below 1000.



1:1-2:1: syntax error, unexpected '\n'
Wed Mar 27 00:48:24 2019	"\\nsom = Σ ((1..1000) waarvoor (i → ★mod3=0 ∧ ★mod5=0) )\\nuit = tekst som\\n; If we list all the natural numbers below 10 that are multiples of 3 or 5, we get 3, 5, 6 and 9. The sum of these multiples is 23.\\n; Find the sum of all the multiples of 3 or 5 below 1000.\\n"	nil
uit = 3
som = Σ ((1..1000) waarvoor (i → ★mod3=0 ∧ ★mod5=0) )
uit = tekst som
; If we list all the natural numbers below 10 that are multiples of 3 or 5, we get 3, 5, 6 and 9. The sum of these multiples is 23.
; Find the sum of all the multiples of 3 or 5 below 1000.



Wed Mar 27 00:48:30 2019	"uit = 3\\nsom = Σ ((1..1000) waarvoor (i → ★mod3=0 ∧ ★mod5=0) )\\nuit = tekst som\\n; If we list all the natural numbers below 10 that are multiples of 3 or 5, we get 3, 5, 6 and 9. The sum of these multiples is 23.\\n; Find the sum of all the multiples of 3 or 5 below 1000.\\n"	nil
uit = 3
som = Σ ((1..1000) waarvoor (i → i mod 3=0 ∧ i mod 5=0) )
uit = tekst som
lijst filter (x mod 2 = 0)
lijst waarvoor L mod
; If we list all the natural numbers below 10 that are multiples of 3 or 5, we get 3, 5, 6 and 9. The sum of these multiples is 23.
; Find the sum of all the multiples of 3 or 5 below 1000.


ERR	./oplos.lua:94: attempt to index field 'fn' (a nil value)
uit = 3
som = Σ ((1..1000) waarvoor (i → i mod 3=0 ∧ i mod 5=0) )
uit = tekst som
lijst filter (x mod 2 = 0)
lijst waarvoor L mod
; If we list all the natural numbers below 10 that are multiples of 3 or 5, we get 3, 5, 6 and 9. The sum of these multiples is 23.
; Find the sum of all the multiples of 3 or 5 below 1000.


ERR	./oplos.lua:94: attempt to index field 'fn' (a nil value)
uit = 3
som = Σ ((1..1000) waarvoor (i → i mod 3=0 ∧ i mod 5=0) )
uit = tekst som
lijst filter (x mod 2 = 0)
lijst waarvoor L mod
; If we list all the natural numbers below 10 that are multiples of 3 or 5, we get 3, 5, 6 and 9. The sum of these multiples is 23.
; Find the sum of all the multiples of 3 or 5 below 1000.


ERR	./oplos.lua:94: attempt to index field 'fn' (a nil value)
uit = 3
som = Σ ((1..1000) waarvoor (i → i mod 3=0 ∧ i mod 5=0) )
uit = tekst som
lijst filter (x mod 2 = 0)
lijst waarvoor L mod
; If we list all the natural numbers below 10 that are multiples of 3 or 5, we get 3, 5, 6 and 9. The sum of these multiples is 23.
; Find the sum of all the multiples of 3 or 5 below 1000.


ERR	./oplos.lua:94: attempt to index field 'fn' (a nil value)
uit = 3
som = Σ ((1..1000) waarvoor (i → i mod 3=0 ∧ i mod 5=0) )
uit = tekst som
lijst filter (x mod 2 = 0)
; If we list all the natural numbers below 10 that are multiples of 3 or 5, we get 3, 5, 6 and 9. The sum of these multiples is 23.
; Find the sum of all the multiples of 3 or 5 below 1000.


Wed Mar 27 00:55:20 2019	"uit = 3\\nsom = Σ ((1..1000) waarvoor (i → i mod 3=0 ∧ i mod 5=0) )\\nuit = tekst som\\nlijst filter (x mod 2 = 0)\\n; If we list all the natural numbers below 10 that are multiples of 3 or 5, we get 3, 5, 6 and 9. The sum of these multiples is 23.\\n; Find the sum of all the multiples of 3 or 5 below 1000."	nil
uit = 3
som = Σ ((1..1000) filter (i → i mod 3=0 ∧ i mod 5=0) )
uit = tekst som
; If we list all the natural numbers below 10 that are multiples of 3 or 5, we get 3, 5, 6 and 9. The sum of these multiples is 23.
; Find the sum of all the multiples of 3 or 5 below 1000.


Wed Mar 27 00:55:40 2019	"uit = 3\\nsom = Σ ((1..1000) filter (i → i mod 3=0 ∧ i mod 5=0) )\\nuit = tekst som\\n; If we list all the natural numbers below 10 that are multiples of 3 or 5, we get 3, 5, 6 and 9. The sum of these multiples is 23.\\n; Find the sum of all the multiples of 3 or 5 below 1000."	3
som = Σ ((1..1000) filter (i → i mod 3=0 ∧ i mod 5=0) )
uit = tekst som
; If we list all the natural numbers below 10 that are multiples of 3 or 5, we get 3, 5, 6 and 9. The sum of these multiples is 23.
; Find the sum of all the multiples of 3 or 5 below 1000.


Wed Mar 27 00:55:44 2019	"som = Σ ((1..1000) filter (i → i mod 3=0 ∧ i mod 5=0) )\\nuit = tekst som\\n; If we list all the natural numbers below 10 that are multiples of 3 or 5, we get 3, 5, 6 and 9. The sum of these multiples is 23.\\n; Find the sum of all the multiples of 3 or 5 below 1000."	nil
som = Σ ((1..1000) filter (i → i mod 3=0 ∧ i mod 5=0) )
uit = tekst som
; If we list all the natural numbers below 10 that are multiples of 3 or 5, we get 3, 5, 6 and 9. The sum of these multiples is 23.
; Find the sum of all the multiples of 3 or 5 below 1000.


Wed Mar 27 00:56:11 2019	"som = Σ ((1..1000) filter (i → i mod 3=0 ∧ i mod 5=0) )\\nuit = tekst som\\n; If we list all the natural numbers below 10 that are multiples of 3 or 5, we get 3, 5, 6 and 9. The sum of these multiples is 23.\\n; Find the sum of all the multiples of 3 or 5 below 1000."	nil
som = Σ ((1..1000) filter (i → i mod 3=0 ∧ i mod 5=0) )
uit = tekst som
; If we list all the natural numbers below 10 that are multiples of 3 or 5, we get 3, 5, 6 and 9. The sum of these multiples is 23.
; Find the sum of all the multiples of 3 or 5 below 1000.


Wed Mar 27 00:56:12 2019	"som = Σ ((1..1000) filter (i → i mod 3=0 ∧ i mod 5=0) )\\nuit = tekst som\\n; If we list all the natural numbers below 10 that are multiples of 3 or 5, we get 3, 5, 6 and 9. The sum of these multiples is 23.\\n; Find the sum of all the multiples of 3 or 5 below 1000."	nil
som = Σ ((1..1000) filter (i → i mod 3=0 ∧ i mod 5=0) )
uit = tekst som
; If we list all the natural numbers below 10 that are multiples of 3 or 5, we get 3, 5, 6 and 9. The sum of these multiples is 23.
; Find the sum of all the multiples of 3 or 5 below 1000.


Wed Mar 27 00:56:19 2019	"som = Σ ((1..1000) filter (i → i mod 3=0 ∧ i mod 5=0) )\\nuit = tekst som\\n; If we list all the natural numbers below 10 that are multiples of 3 or 5, we get 3, 5, 6 and 9. The sum of these multiples is 23.\\n; Find the sum of all the multiples of 3 or 5 below 1000."	nil
som = Σ ((1..1000) filter (i → i mod 3=0 ∧ i mod 5=0) )
uit = tekst som
; If we list all the natural numbers below 10 that are multiples of 3 or 5, we get 3, 5, 6 and 9. The sum of these multiples is 23.
; Find the sum of all the multiples of 3 or 5 below 1000.


Wed Mar 27 00:56:19 2019	"som = Σ ((1..1000) filter (i → i mod 3=0 ∧ i mod 5=0) )\\nuit = tekst som\\n; If we list all the natural numbers below 10 that are multiples of 3 or 5, we get 3, 5, 6 and 9. The sum of these multiples is 23.\\n; Find the sum of all the multiples of 3 or 5 below 1000."	nil
som = Σ ((1..1000) filter (i → i mod 3=0 ∧ i mod 5=0) )
uit = tekst som
; If we list all the natural numbers below 10 that are multiples of 3 or 5, we get 3, 5, 6 and 9. The sum of these multiples is 23.
; Find the sum of all the multiples of 3 or 5 below 1000.


Wed Mar 27 00:56:19 2019	"som = Σ ((1..1000) filter (i → i mod 3=0 ∧ i mod 5=0) )\\nuit = tekst som\\n; If we list all the natural numbers below 10 that are multiples of 3 or 5, we get 3, 5, 6 and 9. The sum of these multiples is 23.\\n; Find the sum of all the multiples of 3 or 5 below 1000."	nil
som = Σ ((1..1000) filter (i → i mod 3=0 ∧ i mod 5=0) )
uit = tekst som
; If we list all the natural numbers below 10 that are multiples of 3 or 5, we get 3, 5, 6 and 9. The sum of these multiples is 23.
; Find the sum of all the multiples of 3 or 5 below 1000.


Wed Mar 27 00:56:20 2019	"som = Σ ((1..1000) filter (i → i mod 3=0 ∧ i mod 5=0) )\\nuit = tekst som\\n; If we list all the natural numbers below 10 that are multiples of 3 or 5, we get 3, 5, 6 and 9. The sum of these multiples is 23.\\n; Find the sum of all the multiples of 3 or 5 below 1000."	nil
som = Σ ((1..1000) filter (i → i mod 3=0 ∧ i mod 5=0) )
uit = tekst som
; If we list all the natural numbers below 10 that are multiples of 3 or 5, we get 3, 5, 6 and 9. The sum of these multiples is 23.
; Find the sum of all the multiples of 3 or 5 below 1000.


Wed Mar 27 00:56:20 2019	"som = Σ ((1..1000) filter (i → i mod 3=0 ∧ i mod 5=0) )\\nuit = tekst som\\n; If we list all the natural numbers below 10 that are multiples of 3 or 5, we get 3, 5, 6 and 9. The sum of these multiples is 23.\\n; Find the sum of all the multiples of 3 or 5 below 1000."	nil
som = Σ ((1..1000) filter (i → i mod 3=0 ∧ i mod 5=0) )
uit = tekst som
a = 3
; If we list all the natural numbers below 10 that are multiples of 3 or 5, we get 3, 5, 6 and 9. The sum of these multiples is 23.
; Find the sum of all the multiples of 3 or 5 below 1000.


Wed Mar 27 00:56:23 2019	"som = Σ ((1..1000) filter (i → i mod 3=0 ∧ i mod 5=0) )\\nuit = tekst som\\na = 3\\n; If we list all the natural numbers below 10 that are multiples of 3 or 5, we get 3, 5, 6 and 9. The sum of these multiples is 23.\\n; Find the sum of all the multiples of 3 or 5 below 1000."	nil
; a
som = Σ ((1..1000) filter (i → i mod 3=0 ∧ i mod 5=0) )
uit = tekst som
; If we list all the natural numbers below 10 that are multiples of 3 or 5, we get 3, 5, 6 and 9. The sum of these multiples is 23.
; Find the sum of all the multiples of 3 or 5 below 1000.


1:1-2:1: syntax error, unexpected '\n'
Wed Mar 27 00:56:30 2019	"; a\\nsom = Σ ((1..1000) filter (i → i mod 3=0 ∧ i mod 5=0) )\\nuit = tekst som\\n; If we list all the natural numbers below 10 that are multiples of 3 or 5, we get 3, 5, 6 and 9. The sum of these multiples is 23.\\n; Find the sum of all the multiples of 3 or 5 below 1000."	nil
goed = (i → i mod 3=0 ∧ i mod 5=0) )
som = Σ ((1..1000) filter goed)
uit = tekst som
; If we list all the natural numbers below 10 that are multiples of 3 or 5, we get 3, 5, 6 and 9. The sum of these multiples is 23.
; Find the sum of all the multiples of 3 or 5 below 1000.


1:40-41: syntax error, unexpected ')'
Wed Mar 27 00:57:26 2019	"goed = (i → i mod 3=0 ∧ i mod 5=0) )\\nsom = Σ ((1..1000) filter goed)\\nuit = tekst som\\n; If we list all the natural numbers below 10 that are multiples of 3 or 5, we get 3, 5, 6 and 9. The sum of these multiples is 23.\\n; Find the sum of all the multiples of 3 or 5 below 1000."	nil
goed = (i → i mod 3=0 ∧ i mod 5=0) )
som = Σ ((1..1000) filter goed)
uit = goed 4
; If we list all the natural numbers below 10 that are multiples of 3 or 5, we get 3, 5, 6 and 9. The sum of these multiples is 23.
; Find the sum of all the multiples of 3 or 5 below 1000.


1:40-41: syntax error, unexpected ')'
Wed Mar 27 00:57:33 2019	"goed = (i → i mod 3=0 ∧ i mod 5=0) )\\nsom = Σ ((1..1000) filter goed)\\nuit = goed 4\\n; If we list all the natural numbers below 10 that are multiples of 3 or 5, we get 3, 5, 6 and 9. The sum of these multiples is 23.\\n; Find the sum of all the multiples of 3 or 5 below 1000."	nil
goed = (i → i mod 3=0 ∧ i mod 5=0) )
som = Σ ((1..1000) filter goed)
uit = a
a = 1..10
; If we list all the natural numbers below 10 that are multiples of 3 or 5, we get 3, 5, 6 and 9. The sum of these multiples is 23.
; Find the sum of all the multiples of 3 or 5 below 1000.


1:40-41: syntax error, unexpected ')'
Wed Mar 27 00:57:58 2019	"goed = (i → i mod 3=0 ∧ i mod 5=0) )\\nsom = Σ ((1..1000) filter goed)\\nuit = a\\na = 1..10\\n; If we list all the natural numbers below 10 that are multiples of 3 or 5, we get 3, 5, 6 and 9. The sum of these multiples is 23.\\n; Find the sum of all the multiples of 3 or 5 below 1000."	nil
goed = (i → i mod 3=0 ∧ i mod 5=0) )
som = Σ ((1..1000) filter goed)
uit = a
a = 1 .. 10
; If we list all the natural numbers below 10 that are multiples of 3 or 5, we get 3, 5, 6 and 9. The sum of these multiples is 23.
; Find the sum of all the multiples of 3 or 5 below 1000.


1:40-41: syntax error, unexpected ')'
Wed Mar 27 00:58:04 2019	"goed = (i → i mod 3=0 ∧ i mod 5=0) )\\nsom = Σ ((1..1000) filter goed)\\nuit = a\\na = 1 .. 10\\n; If we list all the natural numbers below 10 that are multiples of 3 or 5, we get 3, 5, 6 and 9. The sum of these multiples is 23.\\n; Find the sum of all the multiples of 3 or 5 below 1000."	nil
goed = (i → i mod 3=0 ∧ i mod 5=0)
som = Σ ((1..1000) filter goed)
uit = a
a = 1 .. 10
; If we list all the natural numbers below 10 that are multiples of 3 or 5, we get 3, 5, 6 and 9. The sum of these multiples is 23.
; Find the sum of all the multiples of 3 or 5 below 1000.


Wed Mar 27 00:58:41 2019	"goed = (i → i mod 3=0 ∧ i mod 5=0)\\nsom = Σ ((1..1000) filter goed)\\nuit = a\\na = 1 .. 10\\n; If we list all the natural numbers below 10 that are multiples of 3 or 5, we get 3, 5, 6 and 9. The sum of these multiples is 23.\\n; Find the sum of all the multiples of 3 or 5 below 1000."	./dienst2:11: attempt to call local 'func' (a nil value)
;ok
goed = (i → i mod 3=0 ∧ i mod 5=0)
som = Σ ((1..1000) filter goed)
uit = a
a = 1 .. 10
; If we list all the natural numbers below 10 that are multiples of 3 or 5, we get 3, 5, 6 and 9. The sum of these multiples is 23.
; Find the sum of all the multiples of 3 or 5 below 1000.


1:1-2:1: syntax error, unexpected '\n'
Wed Mar 27 00:58:53 2019	";ok\\ngoed = (i → i mod 3=0 ∧ i mod 5=0)\\nsom = Σ ((1..1000) filter goed)\\nuit = a\\na = 1 .. 10\\n; If we list all the natural numbers below 10 that are multiples of 3 or 5, we get 3, 5, 6 and 9. The sum of these multiples is 23.\\n; Find the sum of all the multiples of 3 or 5 below 1000."	nil
;ok
goed = (i → i mod 3=0 ∧ i mod 5=0)
som = Σ ((1..1000) filter goed)
uit = a
a = 1 .. 10
; If we list all the natural numbers below 10 that are multiples of 3 or 5, we get 3, 5, 6 and 9. The sum of these multiples is 23.
; Find the sum of all the multiples of 3 or 5 below 1000.


1:1-2:1: syntax error, unexpected '\n'
Wed Mar 27 00:58:55 2019	";ok\\ngoed = (i → i mod 3=0 ∧ i mod 5=0)\\nsom = Σ ((1..1000) filter goed)\\nuit = a\\na = 1 .. 10\\n; If we list all the natural numbers below 10 that are multiples of 3 or 5, we get 3, 5, 6 and 9. The sum of these multiples is 23.\\n; Find the sum of all the multiples of 3 or 5 below 1000."	nil
goed = (i → i mod 3=0 ∧ i mod 5=0)
som = Σ ((1..1000) filter goed)
uit = a
a = 1 .. 10
; If we list all the natural numbers below 10 that are multiples of 3 or 5, we get 3, 5, 6 and 9. The sum of these multiples is 23.
; Find the sum of all the multiples of 3 or 5 below 1000.


Wed Mar 27 00:58:59 2019	"goed = (i → i mod 3=0 ∧ i mod 5=0)\\nsom = Σ ((1..1000) filter goed)\\nuit = a\\na = 1 .. 10\\n; If we list all the natural numbers below 10 that are multiples of 3 or 5, we get 3, 5, 6 and 9. The sum of these multiples is 23.\\n; Find the sum of all the multiples of 3 or 5 below 1000."	./dienst2:11: attempt to call local 'func' (a nil value)
goed = (i → i mod 3=0 ∧ i mod 5=0)
som = Σ ((1..1000) filter goed)
uit = goed 4
; If we list all the natural numbers below 10 that are multiples of 3 or 5, we get 3, 5, 6 and 9. The sum of these multiples is 23.
; Find the sum of all the multiples of 3 or 5 below 1000.


Wed Mar 27 00:59:15 2019	"goed = (i → i mod 3=0 ∧ i mod 5=0)\\nsom = Σ ((1..1000) filter goed)\\nuit = goed 4\\n; If we list all the natural numbers below 10 that are multiples of 3 or 5, we get 3, 5, 6 and 9. The sum of these multiples is 23.\\n; Find the sum of all the multiples of 3 or 5 below 1000."	[string "local tau = math.pi * 2..."]:144: attempt to perform arithmetic on global '_A' (a nil value)
goed = (i → i mod 3=0 ∧ i mod 5=0)
som = Σ ((1..1000) filter goed)
uit = goed(10)
; If we list all the natural numbers below 10 that are multiples of 3 or 5, we get 3, 5, 6 and 9. The sum of these multiples is 23.
; Find the sum of all the multiples of 3 or 5 below 1000.


Wed Mar 27 00:59:42 2019	"goed = (i → i mod 3=0 ∧ i mod 5=0)\\nsom = Σ ((1..1000) filter goed)\\nuit = goed(10)\\n; If we list all the natural numbers below 10 that are multiples of 3 or 5, we get 3, 5, 6 and 9. The sum of these multiples is 23.\\n; Find the sum of all the multiples of 3 or 5 below 1000."	[string "local tau = math.pi * 2..."]:144: attempt to perform arithmetic on global '_A' (a nil value)
goed = (i → i mod 3=0 ∧ i mod 5=0)
som = Σ ((1 .. 1000) filter goed)
uit = tekst(som)
; If we list all the natural numbers below 10 that are multiples of 3 or 5, we get 3, 5, 6 and 9. The sum of these multiples is 23.
; Find the sum of all the multiples of 3 or 5 below 1000.


Wed Mar 27 01:00:12 2019	"goed = (i → i mod 3=0 ∧ i mod 5=0)\\nsom = Σ ((1 .. 1000) filter goed)\\nuit = tekst(som)\\n; If we list all the natural numbers below 10 that are multiples of 3 or 5, we get 3, 5, 6 and 9. The sum of these multiples is 23.\\n; Find the sum of all the multiples of 3 or 5 below 1000."	nil
goed = (i → i mod 3=0 ∧ i mod 5=0)
som = Σ ((1 .. 1000) filter goed)
uit = goed(10)
; If we list all the natural numbers below 10 that are multiples of 3 or 5, we get 3, 5, 6 and 9. The sum of these multiples is 23.
; Find the sum of all the multiples of 3 or 5 below 1000.


Wed Mar 27 01:00:37 2019	"goed = (i → i mod 3=0 ∧ i mod 5=0)\\nsom = Σ ((1 .. 1000) filter goed)\\nuit = goed(10)\\n; If we list all the natural numbers below 10 that are multiples of 3 or 5, we get 3, 5, 6 and 9. The sum of these multiples is 23.\\n; Find the sum of all the multiples of 3 or 5 below 1000."	[string "local tau = math.pi * 2..."]:144: attempt to perform arithmetic on global '_A' (a nil value)
stack traceback:
	./lisp.lua:5: in function 'isatoom'
	./naarjavascript.lua:33: in function 'naarjavascriptR'
	./naarjavascript.lua:255: in function 'naarjavascript'
	./naarweb.lua:58: in function 'naarweb'
	./dienst2:73: in function 'oplosPlus'
	./dienst2:97: in function 'vt'
	./dienst2:110: in function <./dienst2:45>
ERR	./naarjavascript.lua:34: attempt to index local 'exp' (a boolean value)
stack traceback:
	./lisp.lua:5: in function 'isatoom'
	./naarjavascript.lua:33: in function 'naarjavascriptR'
	./naarjavascript.lua:255: in function 'naarjavascript'
	./naarweb.lua:58: in function 'naarweb'
	./dienst2:73: in function 'oplosPlus'
	./dienst2:97: in function 'vt'
	./dienst2:110: in function <./dienst2:45>
ERR	./naarjavascript.lua:34: attempt to index local 'exp' (a boolean value)
stack traceback:
	./lisp.lua:5: in function 'isatoom'
	./naarjavascript.lua:33: in function 'naarjavascriptR'
	./naarjavascript.lua:255: in function 'naarjavascript'
	./naarweb.lua:58: in function 'naarweb'
	./dienst2:73: in function 'oplosPlus'
	./dienst2:97: in function 'vt'
	./dienst2:110: in function <./dienst2:45>
ERR	./naarjavascript.lua:34: attempt to index local 'exp' (a boolean value)
stack traceback:
	./lisp.lua:5: in function 'isatoom'
	./naarjavascript.lua:33: in function 'naarjavascriptR'
	./naarjavascript.lua:255: in function 'naarjavascript'
	./naarweb.lua:58: in function 'naarweb'
	./dienst2:73: in function 'oplosPlus'
	./dienst2:97: in function 'vt'
	./dienst2:110: in function <./dienst2:45>
ERR	./naarjavascript.lua:34: attempt to index local 'exp' (a boolean value)
stack traceback:
	./lisp.lua:5: in function 'isatoom'
	./naarjavascript.lua:33: in function 'naarjavascriptR'
	./naarjavascript.lua:255: in function 'naarjavascript'
	./naarweb.lua:58: in function 'naarweb'
	./dienst2:73: in function 'oplosPlus'
	./dienst2:97: in function 'vt'
	./dienst2:110: in function <./dienst2:45>
ERR	./naarjavascript.lua:34: attempt to index local 'exp' (a boolean value)
stack traceback:
	./lisp.lua:5: in function 'isatoom'
	./dienst2:76: in function 'oplosPlus'
	./dienst2:97: in function 'vt'
	./dienst2:110: in function <./dienst2:45>
stack traceback:
	./lisp.lua:5: in function 'isatoom'
	./dienst2:76: in function 'oplosPlus'
	./dienst2:97: in function 'vt'
	./dienst2:110: in function <./dienst2:45>
stack traceback:
	./lisp.lua:5: in function 'isatoom'
	./dienst2:76: in function 'oplosPlus'
	./dienst2:97: in function 'vt'
	./dienst2:110: in function <./dienst2:45>
stack traceback:
	./lisp.lua:5: in function 'isatoom'
	./dienst2:76: in function 'oplosPlus'
	./dienst2:97: in function 'vt'
	./dienst2:110: in function <./dienst2:45>
stack traceback:
	./lisp.lua:5: in function 'isatoom'
	./naarlua.lua:8: in function 'naarluaR'
	./naarlua.lua:385: in function 'naarlua'
	./dienst2:9: in function <./dienst2:8>
	[C]: in function 'pcall'
	./dienst2:98: in function 'vt'
	./dienst2:110: in function <./dienst2:45>
Mon Apr  1 02:04:55 2019	"a² + b² = c²\\n\9b = 4\\n\9c = 5\\nuit = \"a = \" || tekst(a)\\n\\n; bereken de lengte van a, gegeven b en c\\n; a /\\ c\\n;  /__\\\\n;    b\\n"	nil
stack traceback:
	./lisp.lua:5: in function 'isatoom'
	./dienst2:76: in function 'oplosPlus'
	./dienst2:97: in function 'vt'
	./dienst2:110: in function <./dienst2:45>
stack traceback:
	./lisp.lua:5: in function 'isatoom'
	./dienst2:76: in function 'oplosPlus'
	./dienst2:97: in function 'vt'
	./dienst2:110: in function <./dienst2:45>
stack traceback:
	./lisp.lua:5: in function 'isatoom'
	./dienst2:76: in function 'oplosPlus'
	./dienst2:97: in function 'vt'
	./dienst2:110: in function <./dienst2:45>
stack traceback:
	./lisp.lua:5: in function 'isatoom'
	./dienst2:76: in function 'oplosPlus'
	./dienst2:97: in function 'vt'
	./dienst2:110: in function <./dienst2:45>
stack traceback:
	./lisp.lua:5: in function 'isatoom'
	./dienst2:76: in function 'oplosPlus'
	./dienst2:97: in function 'vt'
	./dienst2:110: in function <./dienst2:45>
stack traceback:
	./lisp.lua:5: in function 'isatoom'
	./dienst2:76: in function 'oplosPlus'
	./dienst2:97: in function 'vt'
	./dienst2:110: in function <./dienst2:45>
stack traceback:
	./lisp.lua:5: in function 'isatoom'
	./naarlua.lua:8: in function 'naarluaR'
	./naarlua.lua:385: in function 'naarlua'
	./dienst2:9: in function <./dienst2:8>
	[C]: in function 'pcall'
	./dienst2:98: in function 'vt'
	./dienst2:110: in function <./dienst2:45>
Mon Apr  1 02:05:05 2019	"fib = n → (fⁿ[0,1])₀\\nf = [a,b] → [b,a+b]\\nuit = fib 30\\n"	nil
stack traceback:
	./lisp.lua:5: in function 'isatoom'
	./dienst2:74: in function 'oplosPlus'
	./dienst2:95: in function 'vt'
	./dienst2:108: in function <./dienst2:45>
stack traceback:
	./lisp.lua:5: in function 'isatoom'
	./dienst2:74: in function 'oplosPlus'
	./dienst2:95: in function 'vt'
	./dienst2:108: in function <./dienst2:45>
stack traceback:
	./lisp.lua:5: in function 'isatoom'
	./dienst2:74: in function 'oplosPlus'
	./dienst2:95: in function 'vt'
	./dienst2:108: in function <./dienst2:45>
stack traceback:
	./lisp.lua:5: in function 'isatoom'
	./dienst2:74: in function 'oplosPlus'
	./dienst2:95: in function 'vt'
	./dienst2:108: in function <./dienst2:45>
stack traceback:
	./lisp.lua:5: in function 'isatoom'
	./dienst2:74: in function 'oplosPlus'
	./dienst2:95: in function 'vt'
	./dienst2:108: in function <./dienst2:45>
stack traceback:
	./lisp.lua:5: in function 'isatoom'
	./dienst2:74: in function 'oplosPlus'
	./dienst2:95: in function 'vt'
	./dienst2:108: in function <./dienst2:45>
Mon Apr  1 02:05:55 2019	"fib = n → (fⁿ[0,1])₀\\nf = [a,b] → [b,a+b]\\nuit = fib 30\\n"	832040
stack traceback:
	./lisp.lua:5: in function 'isatoom'
	./dienst2:74: in function 'oplosPlus'
	./dienst2:95: in function 'vt'
	./dienst2:108: in function <./dienst2:45>
stack traceback:
	./lisp.lua:5: in function 'isatoom'
	./dienst2:74: in function 'oplosPlus'
	./dienst2:95: in function 'vt'
	./dienst2:108: in function <./dienst2:45>
stack traceback:
	./lisp.lua:5: in function 'isatoom'
	./dienst2:74: in function 'oplosPlus'
	./dienst2:95: in function 'vt'
	./dienst2:108: in function <./dienst2:45>
stack traceback:
	./lisp.lua:5: in function 'isatoom'
	./dienst2:74: in function 'oplosPlus'
	./dienst2:95: in function 'vt'
	./dienst2:108: in function <./dienst2:45>
Mon Apr  1 02:05:58 2019	"a² + b² = c²\\n\9b = 4\\n\9c = 5\\nuit = \"a = \" || tekst(a)\\n\\n; bereken de lengte van a, gegeven b en c\\n; a /\\ c\\n;  /__\\\\n;    b\\n"	a = 3
stack traceback:
	./lisp.lua:5: in function 'isatoom'
	./dienst2:74: in function 'oplosPlus'
	./dienst2:95: in function 'vt'
	./dienst2:108: in function <./dienst2:45>
stack traceback:
	./lisp.lua:5: in function 'isatoom'
	./dienst2:74: in function 'oplosPlus'
	./dienst2:95: in function 'vt'
	./dienst2:108: in function <./dienst2:45>
stack traceback:
	./lisp.lua:5: in function 'isatoom'
	./dienst2:74: in function 'oplosPlus'
	./dienst2:95: in function 'vt'
	./dienst2:108: in function <./dienst2:45>
stack traceback:
	./lisp.lua:5: in function 'isatoom'
	./dienst2:74: in function 'oplosPlus'
	./dienst2:95: in function 'vt'
	./dienst2:108: in function <./dienst2:45>
stack traceback:
	./lisp.lua:5: in function 'isatoom'
	./dienst2:74: in function 'oplosPlus'
	./dienst2:95: in function 'vt'
	./dienst2:108: in function <./dienst2:45>
stack traceback:
	./lisp.lua:5: in function 'isatoom'
	./dienst2:74: in function 'oplosPlus'
	./dienst2:95: in function 'vt'
	./dienst2:108: in function <./dienst2:45>
Mon Apr  1 02:06:01 2019	"fib = n → (fⁿ[0,1])₀\\nf = [a,b] → [b,a+b]\\nuit = fib 30\\n"	832040
stack traceback:
	./lisp.lua:5: in function 'isatoom'
	./dienst2:74: in function 'oplosPlus'
	./dienst2:95: in function 'vt'
	./dienst2:108: in function <./dienst2:45>
stack traceback:
	./lisp.lua:5: in function 'isatoom'
	./dienst2:74: in function 'oplosPlus'
	./dienst2:95: in function 'vt'
	./dienst2:108: in function <./dienst2:45>
stack traceback:
	./lisp.lua:5: in function 'isatoom'
	./dienst2:74: in function 'oplosPlus'
	./dienst2:95: in function 'vt'
	./dienst2:108: in function <./dienst2:45>
stack traceback:
	./lisp.lua:5: in function 'isatoom'
	./dienst2:74: in function 'oplosPlus'
	./dienst2:95: in function 'vt'
	./dienst2:108: in function <./dienst2:45>
stack traceback:
	./lisp.lua:5: in function 'isatoom'
	./dienst2:74: in function 'oplosPlus'
	./dienst2:95: in function 'vt'
	./dienst2:108: in function <./dienst2:45>
stack traceback:
	./lisp.lua:5: in function 'isatoom'
	./dienst2:74: in function 'oplosPlus'
	./dienst2:95: in function 'vt'
	./dienst2:108: in function <./dienst2:45>
Mon Apr  1 02:06:06 2019	"fib = n → (fⁿ[0,1])₀\\nf = [a,b] → [b,a+b]\\nuit = fib 30\\n"	832040
stack traceback:
	./lisp.lua:5: in function 'isatoom'
	./dienst2:74: in function 'oplosPlus'
	./dienst2:95: in function 'vt'
	./dienst2:108: in function <./dienst2:45>
stack traceback:
	./lisp.lua:5: in function 'isatoom'
	./dienst2:74: in function 'oplosPlus'
	./dienst2:95: in function 'vt'
	./dienst2:108: in function <./dienst2:45>
stack traceback:
	./lisp.lua:5: in function 'isatoom'
	./dienst2:74: in function 'oplosPlus'
	./dienst2:95: in function 'vt'
	./dienst2:108: in function <./dienst2:45>
stack traceback:
	./lisp.lua:5: in function 'isatoom'
	./dienst2:74: in function 'oplosPlus'
	./dienst2:95: in function 'vt'
	./dienst2:108: in function <./dienst2:45>
stack traceback:
	./lisp.lua:5: in function 'isatoom'
	./dienst2:74: in function 'oplosPlus'
	./dienst2:95: in function 'vt'
	./dienst2:108: in function <./dienst2:45>
stack traceback:
	./lisp.lua:5: in function 'isatoom'
	./dienst2:74: in function 'oplosPlus'
	./dienst2:95: in function 'vt'
	./dienst2:108: in function <./dienst2:45>
stack traceback:
	./lisp.lua:5: in function 'isatoom'
	./dienst2:74: in function 'oplosPlus'
	./dienst2:95: in function 'vt'
	./dienst2:108: in function <./dienst2:45>
Mon Apr  1 02:06:08 2019	"f = [somA, i, j] → (j ≤ 4e6 ⇒ [somB, j, i + j])\\nj mod 2 = 0  ⇒ somB = somA + j\\nj mod 2 ≠ 0  ⇒ somB = somA\\n\\na = ((herhaal f) [0, 1, 1])₀\\nuit = tekst(a)\\n\\n; Each new term in the Fibonacci sequence is generated by adding the previous two terms. By starting with 1 and 2, the first 10 terms will be:\\n\\n; 1, 2, 3, 5, 8, 13, 21, 34, 55, 89, ...\\n\\n; By considering the terms in the Fibonacci sequence whose values do not exceed four million, find the sum of the even-valued terms.\\n"	4613732
stack traceback:
	./lisp.lua:5: in function 'isatoom'
	./dienst2:74: in function 'oplosPlus'
	./dienst2:95: in function 'vt'
	./dienst2:108: in function <./dienst2:45>
stack traceback:
	./lisp.lua:5: in function 'isatoom'
	./dienst2:74: in function 'oplosPlus'
	./dienst2:95: in function 'vt'
	./dienst2:108: in function <./dienst2:45>
stack traceback:
	./lisp.lua:5: in function 'isatoom'
	./dienst2:74: in function 'oplosPlus'
	./dienst2:95: in function 'vt'
	./dienst2:108: in function <./dienst2:45>
stack traceback:
	./lisp.lua:5: in function 'isatoom'
	./dienst2:74: in function 'oplosPlus'
	./dienst2:95: in function 'vt'
	./dienst2:108: in function <./dienst2:45>
stack traceback:
	./lisp.lua:5: in function 'isatoom'
	./dienst2:74: in function 'oplosPlus'
	./dienst2:95: in function 'vt'
	./dienst2:108: in function <./dienst2:45>
stack traceback:
	./lisp.lua:5: in function 'isatoom'
	./dienst2:74: in function 'oplosPlus'
	./dienst2:95: in function 'vt'
	./dienst2:108: in function <./dienst2:45>
stack traceback:
	./lisp.lua:5: in function 'isatoom'
	./dienst2:74: in function 'oplosPlus'
	./dienst2:95: in function 'vt'
	./dienst2:108: in function <./dienst2:45>
stack traceback:
	./lisp.lua:5: in function 'isatoom'
	./dienst2:74: in function 'oplosPlus'
	./dienst2:95: in function 'vt'
	./dienst2:108: in function <./dienst2:45>
stack traceback:
	./lisp.lua:5: in function 'isatoom'
	./dienst2:74: in function 'oplosPlus'
	./dienst2:95: in function 'vt'
	./dienst2:108: in function <./dienst2:45>
stack traceback:
	./lisp.lua:5: in function 'isatoom'
	./dienst2:74: in function 'oplosPlus'
	./dienst2:95: in function 'vt'
	./dienst2:108: in function <./dienst2:45>
stack traceback:
	./lisp.lua:5: in function 'isatoom'
	./dienst2:74: in function 'oplosPlus'
	./dienst2:95: in function 'vt'
	./dienst2:108: in function <./dienst2:45>
stack traceback:
	./lisp.lua:5: in function 'isatoom'
	./dienst2:74: in function 'oplosPlus'
	./dienst2:95: in function 'vt'
	./dienst2:108: in function <./dienst2:45>
stack traceback:
	./lisp.lua:5: in function 'isatoom'
	./dienst2:74: in function 'oplosPlus'
	./dienst2:95: in function 'vt'
	./dienst2:108: in function <./dienst2:45>
stack traceback:
	./lisp.lua:5: in function 'isatoom'
	./dienst2:74: in function 'oplosPlus'
	./dienst2:95: in function 'vt'
	./dienst2:108: in function <./dienst2:45>
stack traceback:
	./lisp.lua:5: in function 'isatoom'
	./dienst2:74: in function 'oplosPlus'
	./dienst2:95: in function 'vt'
	./dienst2:108: in function <./dienst2:45>
stack traceback:
	./lisp.lua:5: in function 'isatoom'
	./dienst2:74: in function 'oplosPlus'
	./dienst2:95: in function 'vt'
	./dienst2:108: in function <./dienst2:45>
stack traceback:
	./lisp.lua:5: in function 'isatoom'
	./dienst2:74: in function 'oplosPlus'
	./dienst2:95: in function 'vt'
	./dienst2:108: in function <./dienst2:45>
stack traceback:
	./lisp.lua:5: in function 'isatoom'
	./dienst2:74: in function 'oplosPlus'
	./dienst2:95: in function 'vt'
	./dienst2:108: in function <./dienst2:45>
stack traceback:
	./lisp.lua:5: in function 'isatoom'
	./naarlua.lua:8: in function 'naarluaR'
	./naarlua.lua:385: in function 'naarlua'
	./dienst2:9: in function <./dienst2:8>
	[C]: in function 'pcall'
	./dienst2:96: in function 'vt'
	./dienst2:108: in function <./dienst2:45>
Mon Apr  1 02:06:13 2019	"; GEBRUIK DE \"Speel\"-KNOP!\\n; dit programma tekent een paar cirkels... op een wel heel bijzondere wijze!\\ntekening = [ bal, achtergrond, speler, bal ]\\n\\nspeler = cirkel(pos, straal, geel)\\npos = (0.5 + 0.5 * sin(looptijd), 0.5 + 0.5 * cos(looptijd))\\nstraal = 0.2 ;sin(looptijd)\\n\\n;spelerkleur = interpoleer(geel, rood, (sin(tijd)+1)/2)\\n\\nachtergrond = rechthoek((0,0), (16/9,1), (0,0,sin looptijd))\\n\\n\\ninterpoleer = (a, b, n) → (a₀·n+b₀·(1- n), a₁·n+b₁·(1- n), a₂·n+b₂·(1- n))\\n\\nbal = cirkel((sin(looptijd·2), 0.5), 0.2, zwart)\\n\\n\\n; lib\\ncirkel = c → (0, c₀, c₁, c₂)\\nrechthoek = v → (1, v₀, v₁, v₂)\\nzwart = (0,0,0)\\ngroen = (0,1,0)\\ngeel = (1,1,0)\\nrood = (1,0,0)\\n"	./naarlua.lua:9: attempt to index local 'exp' (a boolean value)
stack traceback:
	./lisp.lua:5: in function 'isatoom'
	./dienst2:74: in function 'oplosPlus'
	./dienst2:95: in function 'vt'
	./dienst2:108: in function <./dienst2:45>
stack traceback:
	./lisp.lua:5: in function 'isatoom'
	./dienst2:74: in function 'oplosPlus'
	./dienst2:95: in function 'vt'
	./dienst2:108: in function <./dienst2:45>
stack traceback:
	./lisp.lua:5: in function 'isatoom'
	./dienst2:74: in function 'oplosPlus'
	./dienst2:95: in function 'vt'
	./dienst2:108: in function <./dienst2:45>
stack traceback:
	./lisp.lua:5: in function 'isatoom'
	./dienst2:74: in function 'oplosPlus'
	./dienst2:95: in function 'vt'
	./dienst2:108: in function <./dienst2:45>
stack traceback:
	./lisp.lua:5: in function 'isatoom'
	./dienst2:74: in function 'oplosPlus'
	./dienst2:95: in function 'vt'
	./dienst2:108: in function <./dienst2:45>
stack traceback:
	./lisp.lua:5: in function 'isatoom'
	./dienst2:74: in function 'oplosPlus'
	./dienst2:95: in function 'vt'
	./dienst2:108: in function <./dienst2:45>
stack traceback:
	./lisp.lua:5: in function 'isatoom'
	./dienst2:74: in function 'oplosPlus'
	./dienst2:95: in function 'vt'
	./dienst2:108: in function <./dienst2:45>
stack traceback:
	./lisp.lua:5: in function 'isatoom'
	./dienst2:74: in function 'oplosPlus'
	./dienst2:95: in function 'vt'
	./dienst2:108: in function <./dienst2:45>
stack traceback:
	./lisp.lua:5: in function 'isatoom'
	./dienst2:74: in function 'oplosPlus'
	./dienst2:95: in function 'vt'
	./dienst2:108: in function <./dienst2:45>
stack traceback:
	./lisp.lua:5: in function 'isatoom'
	./dienst2:74: in function 'oplosPlus'
	./dienst2:95: in function 'vt'
	./dienst2:108: in function <./dienst2:45>
stack traceback:
	./lisp.lua:5: in function 'isatoom'
	./dienst2:74: in function 'oplosPlus'
	./dienst2:95: in function 'vt'
	./dienst2:108: in function <./dienst2:45>
stack traceback:
	./lisp.lua:5: in function 'isatoom'
	./dienst2:74: in function 'oplosPlus'
	./dienst2:95: in function 'vt'
	./dienst2:108: in function <./dienst2:45>
stack traceback:
	./lisp.lua:5: in function 'isatoom'
	./dienst2:74: in function 'oplosPlus'
	./dienst2:95: in function 'vt'
	./dienst2:108: in function <./dienst2:45>
stack traceback:
	./lisp.lua:5: in function 'isatoom'
	./dienst2:74: in function 'oplosPlus'
	./dienst2:95: in function 'vt'
	./dienst2:108: in function <./dienst2:45>
stack traceback:
	./lisp.lua:5: in function 'isatoom'
	./dienst2:74: in function 'oplosPlus'
	./dienst2:95: in function 'vt'
	./dienst2:108: in function <./dienst2:45>
stack traceback:
	./lisp.lua:5: in function 'isatoom'
	./dienst2:74: in function 'oplosPlus'
	./dienst2:95: in function 'vt'
	./dienst2:108: in function <./dienst2:45>
stack traceback:
	./lisp.lua:5: in function 'isatoom'
	./dienst2:74: in function 'oplosPlus'
	./dienst2:95: in function 'vt'
	./dienst2:108: in function <./dienst2:45>
stack traceback:
	./lisp.lua:5: in function 'isatoom'
	./dienst2:74: in function 'oplosPlus'
	./dienst2:95: in function 'vt'
	./dienst2:108: in function <./dienst2:45>
stack traceback:
	./lisp.lua:5: in function 'isatoom'
	./dienst2:74: in function 'oplosPlus'
	./dienst2:95: in function 'vt'
	./dienst2:108: in function <./dienst2:45>
Mon Apr  1 02:06:31 2019	"; GEBRUIK DE \"Speel\"-KNOP!\\n; dit programma tekent een paar cirkels... op een wel heel bijzondere wijze!\\ntekening = [ bal, achtergrond, speler, bal ]\\nuit = \"draai dit ff als tekening pls\"\\n\\nspeler = cirkel(pos, straal, geel)\\npos = (0.5 + 0.5 * sin(looptijd), 0.5 + 0.5 * cos(looptijd))\\nstraal = 0.2 ;sin(looptijd)\\n\\n;spelerkleur = interpoleer(geel, rood, (sin(tijd)+1)/2)\\n\\nachtergrond = rechthoek((0,0), (16/9,1), (0,0,sin looptijd))\\n\\n\\ninterpoleer = (a, b, n) → (a₀·n+b₀·(1- n), a₁·n+b₁·(1- n), a₂·n+b₂·(1- n))\\n\\nbal = cirkel((sin(looptijd·2), 0.5), 0.2, zwart)\\n\\n\\n; lib\\ncirkel = c → (0, c₀, c₁, c₂)\\nrechthoek = v → (1, v₀, v₁, v₂)\\nzwart = (0,0,0)\\ngroen = (0,1,0)\\ngeel = (1,1,0)\\nrood = (1,0,0)\\n"	draai dit ff als tekening pls
stack traceback:
	./lisp.lua:5: in function 'isatoom'
	./dienst2:74: in function 'oplosPlus'
	./dienst2:95: in function 'vt'
	./dienst2:108: in function <./dienst2:45>
stack traceback:
	./lisp.lua:5: in function 'isatoom'
	./dienst2:74: in function 'oplosPlus'
	./dienst2:95: in function 'vt'
	./dienst2:108: in function <./dienst2:45>
stack traceback:
	./lisp.lua:5: in function 'isatoom'
	./dienst2:74: in function 'oplosPlus'
	./dienst2:95: in function 'vt'
	./dienst2:108: in function <./dienst2:45>
stack traceback:
	./lisp.lua:5: in function 'isatoom'
	./dienst2:74: in function 'oplosPlus'
	./dienst2:95: in function 'vt'
	./dienst2:108: in function <./dienst2:45>
stack traceback:
	./lisp.lua:5: in function 'isatoom'
	./dienst2:74: in function 'oplosPlus'
	./dienst2:95: in function 'vt'
	./dienst2:108: in function <./dienst2:45>
stack traceback:
	./lisp.lua:5: in function 'isatoom'
	./dienst2:74: in function 'oplosPlus'
	./dienst2:95: in function 'vt'
	./dienst2:108: in function <./dienst2:45>
stack traceback:
	./lisp.lua:5: in function 'isatoom'
	./dienst2:74: in function 'oplosPlus'
	./dienst2:95: in function 'vt'
	./dienst2:108: in function <./dienst2:45>
stack traceback:
	./lisp.lua:5: in function 'isatoom'
	./dienst2:74: in function 'oplosPlus'
	./dienst2:95: in function 'vt'
	./dienst2:108: in function <./dienst2:45>
stack traceback:
	./lisp.lua:5: in function 'isatoom'
	./dienst2:74: in function 'oplosPlus'
	./dienst2:95: in function 'vt'
	./dienst2:108: in function <./dienst2:45>
stack traceback:
	./lisp.lua:5: in function 'isatoom'
	./dienst2:74: in function 'oplosPlus'
	./dienst2:95: in function 'vt'
	./dienst2:108: in function <./dienst2:45>
stack traceback:
	./lisp.lua:5: in function 'isatoom'
	./dienst2:74: in function 'oplosPlus'
	./dienst2:95: in function 'vt'
	./dienst2:108: in function <./dienst2:45>
stack traceback:
	./lisp.lua:5: in function 'isatoom'
	./dienst2:74: in function 'oplosPlus'
	./dienst2:95: in function 'vt'
	./dienst2:108: in function <./dienst2:45>
stack traceback:
	./lisp.lua:5: in function 'isatoom'
	./dienst2:74: in function 'oplosPlus'
	./dienst2:95: in function 'vt'
	./dienst2:108: in function <./dienst2:45>
stack traceback:
	./lisp.lua:5: in function 'isatoom'
	./dienst2:74: in function 'oplosPlus'
	./dienst2:95: in function 'vt'
	./dienst2:108: in function <./dienst2:45>
stack traceback:
	./lisp.lua:5: in function 'isatoom'
	./dienst2:74: in function 'oplosPlus'
	./dienst2:95: in function 'vt'
	./dienst2:108: in function <./dienst2:45>
stack traceback:
	./lisp.lua:5: in function 'isatoom'
	./dienst2:74: in function 'oplosPlus'
	./dienst2:95: in function 'vt'
	./dienst2:108: in function <./dienst2:45>
stack traceback:
	./lisp.lua:5: in function 'isatoom'
	./dienst2:74: in function 'oplosPlus'
	./dienst2:95: in function 'vt'
	./dienst2:108: in function <./dienst2:45>
stack traceback:
	./lisp.lua:5: in function 'isatoom'
	./dienst2:74: in function 'oplosPlus'
	./dienst2:95: in function 'vt'
	./dienst2:108: in function <./dienst2:45>
stack traceback:
	./lisp.lua:5: in function 'isatoom'
	./dienst2:74: in function 'oplosPlus'
	./dienst2:95: in function 'vt'
	./dienst2:108: in function <./dienst2:45>
stack traceback:
	./lisp.lua:5: in function 'isatoom'
	./dienst2:74: in function 'oplosPlus'
	./dienst2:95: in function 'vt'
	./dienst2:108: in function <./dienst2:45>
stack traceback:
	./lisp.lua:5: in function 'isatoom'
	./dienst2:74: in function 'oplosPlus'
	./dienst2:95: in function 'vt'
	./dienst2:108: in function <./dienst2:45>
stack traceback:
	./lisp.lua:5: in function 'isatoom'
	./dienst2:74: in function 'oplosPlus'
	./dienst2:95: in function 'vt'
	./dienst2:108: in function <./dienst2:45>
stack traceback:
	./lisp.lua:5: in function 'isatoom'
	./dienst2:74: in function 'oplosPlus'
	./dienst2:95: in function 'vt'
	./dienst2:108: in function <./dienst2:45>
Mon Apr  1 02:12:02 2019	"; dit programma tekent een paar cirkels... op een wel heel bijzondere wijze!\\ntekening = [ bal, achtergrond, speler, bal ]\\n\\n\\nspeler = cirkel(pos, straal, geel)\\n\9pos = (x, y)\\n\9\9x = 0.9 + 0.5 · cos(looptijd)\\n\9\9y = 0.5 + 0.5 · sin(looptijd)\\n\9straal = 0.2\\n\\nachtergrond = rechthoek((0,0), (16/9,1), achtergrondkleur)\\n\9achtergrondkleur = (0, 0, sin looptijd + 0.5)\\n\\nbal = cirkel(balpos, 0.3, zwart)\\n\9balpos = (sin(looptijd·2)+0.5, 0.5)\\n\\n\\n; ongebruikt\\ninterpoleer = (a, b, n) → (a₀·n+b₀·(1- n), a₁·n+b₁·(1- n), a₂·n+b₂·(1- n))\\n\\n; bieb\\ncirkel = c → (0, c₀, c₁, c₂)\\nrechthoek = v → (1, v₀, v₁, v₂)\\nzwart = (0,0,0)\\ngroen = (0,1,0)\\ngeel = (1,1,0)\\nrood = (1,0,0)\\nuit = \"druk op Speel\"\\n"	druk op Speel
stack traceback:
	./lisp.lua:5: in function 'isatoom'
	./dienst2:74: in function 'oplosPlus'
	./dienst2:95: in function 'vt'
	./dienst2:108: in function <./dienst2:45>
stack traceback:
	./lisp.lua:5: in function 'isatoom'
	./dienst2:74: in function 'oplosPlus'
	./dienst2:95: in function 'vt'
	./dienst2:108: in function <./dienst2:45>
stack traceback:
	./lisp.lua:5: in function 'isatoom'
	./dienst2:74: in function 'oplosPlus'
	./dienst2:95: in function 'vt'
	./dienst2:108: in function <./dienst2:45>
stack traceback:
	./lisp.lua:5: in function 'isatoom'
	./dienst2:74: in function 'oplosPlus'
	./dienst2:95: in function 'vt'
	./dienst2:108: in function <./dienst2:45>
Mon Apr  1 02:13:10 2019	"a² + b² = c²\\n\9b = 4\\n\9c = 5\\nuit = \"a = \" || tekst(a)\\n\\n; bereken de lengte van a, gegeven b en c\\n; a /\\ c\\n;  /__\\\\n;    b\\n"	a = 3
stack traceback:
	./lisp.lua:5: in function 'isatoom'
	./dienst2:74: in function 'oplosPlus'
	./dienst2:95: in function 'vt'
	./dienst2:108: in function <./dienst2:45>
stack traceback:
	./lisp.lua:5: in function 'isatoom'
	./dienst2:74: in function 'oplosPlus'
	./dienst2:95: in function 'vt'
	./dienst2:108: in function <./dienst2:45>
stack traceback:
	./lisp.lua:5: in function 'isatoom'
	./dienst2:74: in function 'oplosPlus'
	./dienst2:95: in function 'vt'
	./dienst2:108: in function <./dienst2:45>
stack traceback:
	./lisp.lua:5: in function 'isatoom'
	./dienst2:74: in function 'oplosPlus'
	./dienst2:95: in function 'vt'
	./dienst2:108: in function <./dienst2:45>
stack traceback:
	./lisp.lua:5: in function 'isatoom'
	./dienst2:74: in function 'oplosPlus'
	./dienst2:95: in function 'vt'
	./dienst2:108: in function <./dienst2:45>
stack traceback:
	./lisp.lua:5: in function 'isatoom'
	./dienst2:74: in function 'oplosPlus'
	./dienst2:95: in function 'vt'
	./dienst2:108: in function <./dienst2:45>
stack traceback:
	./lisp.lua:5: in function 'isatoom'
	./dienst2:74: in function 'oplosPlus'
	./dienst2:95: in function 'vt'
	./dienst2:108: in function <./dienst2:45>
Mon Apr  1 02:15:07 2019	"f = [somA, i, j] → (j ≤ 4e6 ⇒ [somB, j, i + j])\\nj mod 2 = 0  ⇒ somB = somA + j\\nj mod 2 ≠ 0  ⇒ somB = somA\\n\\na = ((herhaal f) [0, 1, 1])₀\\nuit = tekst(a)\\n\\n; Each new term in the Fibonacci sequence is generated by adding the previous two terms. By starting with 1 and 2, the first 10 terms will be:\\n\\n; 1, 2, 3, 5, 8, 13, 21, 34, 55, 89, ...\\n\\n; By considering the terms in the Fibonacci sequence whose values do not exceed four million, find the sum of the even-valued terms.\\n"	4613732
stack traceback:
	./lisp.lua:5: in function 'isatoom'
	./dienst2:74: in function 'oplosPlus'
	./dienst2:95: in function 'vt'
	./dienst2:108: in function <./dienst2:45>
stack traceback:
	./lisp.lua:5: in function 'isatoom'
	./dienst2:74: in function 'oplosPlus'
	./dienst2:95: in function 'vt'
	./dienst2:108: in function <./dienst2:45>
stack traceback:
	./lisp.lua:5: in function 'isatoom'
	./dienst2:74: in function 'oplosPlus'
	./dienst2:95: in function 'vt'
	./dienst2:108: in function <./dienst2:45>
stack traceback:
	./lisp.lua:5: in function 'isatoom'
	./dienst2:74: in function 'oplosPlus'
	./dienst2:95: in function 'vt'
	./dienst2:108: in function <./dienst2:45>
stack traceback:
	./lisp.lua:5: in function 'isatoom'
	./dienst2:74: in function 'oplosPlus'
	./dienst2:95: in function 'vt'
	./dienst2:108: in function <./dienst2:45>
stack traceback:
	./lisp.lua:5: in function 'isatoom'
	./dienst2:74: in function 'oplosPlus'
	./dienst2:95: in function 'vt'
	./dienst2:108: in function <./dienst2:45>
stack traceback:
	./lisp.lua:5: in function 'isatoom'
	./dienst2:74: in function 'oplosPlus'
	./dienst2:95: in function 'vt'
	./dienst2:108: in function <./dienst2:45>
stack traceback:
	./lisp.lua:5: in function 'isatoom'
	./dienst2:74: in function 'oplosPlus'
	./dienst2:95: in function 'vt'
	./dienst2:108: in function <./dienst2:45>
stack traceback:
	./lisp.lua:5: in function 'isatoom'
	./dienst2:74: in function 'oplosPlus'
	./dienst2:95: in function 'vt'
	./dienst2:108: in function <./dienst2:45>
stack traceback:
	./lisp.lua:5: in function 'isatoom'
	./dienst2:74: in function 'oplosPlus'
	./dienst2:95: in function 'vt'
	./dienst2:108: in function <./dienst2:45>
stack traceback:
	./lisp.lua:5: in function 'isatoom'
	./dienst2:74: in function 'oplosPlus'
	./dienst2:95: in function 'vt'
	./dienst2:108: in function <./dienst2:45>
stack traceback:
	./lisp.lua:5: in function 'isatoom'
	./dienst2:74: in function 'oplosPlus'
	./dienst2:95: in function 'vt'
	./dienst2:108: in function <./dienst2:45>
stack traceback:
	./lisp.lua:5: in function 'isatoom'
	./dienst2:74: in function 'oplosPlus'
	./dienst2:95: in function 'vt'
	./dienst2:108: in function <./dienst2:45>
stack traceback:
	./lisp.lua:5: in function 'isatoom'
	./dienst2:74: in function 'oplosPlus'
	./dienst2:95: in function 'vt'
	./dienst2:108: in function <./dienst2:45>
stack traceback:
	./lisp.lua:5: in function 'isatoom'
	./dienst2:74: in function 'oplosPlus'
	./dienst2:95: in function 'vt'
	./dienst2:108: in function <./dienst2:45>
stack traceback:
	./lisp.lua:5: in function 'isatoom'
	./dienst2:74: in function 'oplosPlus'
	./dienst2:95: in function 'vt'
	./dienst2:108: in function <./dienst2:45>
stack traceback:
	./lisp.lua:5: in function 'isatoom'
	./dienst2:74: in function 'oplosPlus'
	./dienst2:95: in function 'vt'
	./dienst2:108: in function <./dienst2:45>
stack traceback:
	./lisp.lua:5: in function 'isatoom'
	./dienst2:74: in function 'oplosPlus'
	./dienst2:95: in function 'vt'
	./dienst2:108: in function <./dienst2:45>
stack traceback:
	./lisp.lua:5: in function 'isatoom'
	./dienst2:74: in function 'oplosPlus'
	./dienst2:95: in function 'vt'
	./dienst2:108: in function <./dienst2:45>
stack traceback:
	./lisp.lua:5: in function 'isatoom'
	./dienst2:74: in function 'oplosPlus'
	./dienst2:95: in function 'vt'
	./dienst2:108: in function <./dienst2:45>
stack traceback:
	./lisp.lua:5: in function 'isatoom'
	./dienst2:74: in function 'oplosPlus'
	./dienst2:95: in function 'vt'
	./dienst2:108: in function <./dienst2:45>
stack traceback:
	./lisp.lua:5: in function 'isatoom'
	./dienst2:74: in function 'oplosPlus'
	./dienst2:95: in function 'vt'
	./dienst2:108: in function <./dienst2:45>
stack traceback:
	./lisp.lua:5: in function 'isatoom'
	./dienst2:74: in function 'oplosPlus'
	./dienst2:95: in function 'vt'
	./dienst2:108: in function <./dienst2:45>
Mon Apr  1 02:18:55 2019	"; dit programma tekent een paar cirkels... op een wel heel bijzondere wijze!\\ntekening = [ cirkel(pos, 2%, groen) ]\\n\\n\\nspeler = cirkel(pos, straal, geel)\\n\9pos = (x, y)\\n\9\9x = 0.9 + 0.5 · cos(looptijd)\\n\9\9y = 0.5 + 0.5 · sin(looptijd)\\n\9straal = 0.2\\n\\nachtergrond = rechthoek((0,0), (16/9,1), achtergrondkleur)\\n\9achtergrondkleur = (0, 0, sin looptijd + 0.5)\\n\\nbal = cirkel(balpos, 0.3, zwart)\\n\9balpos = (sin(looptijd·2)+1, 0.5)\\n\\n\\n; ongebruikt\\ninterpoleer = (a, b, n) → (a₀·n+b₀·(1- n), a₁·n+b₁·(1- n), a₂·n+b₂·(1- n))\\n\\n; bieb\\ncirkel = c → (0, c₀, c₁, c₂)\\nrechthoek = v → (1, v₀, v₁, v₂)\\nzwart = (0,0,0)\\ngroen = (0,1,0)\\ngeel = (1,1,0)\\nrood = (1,0,0)\\nuit = \"druk op Speel\"\\n"	druk op Speel
stack traceback:
	./lisp.lua:5: in function 'isatoom'
	./dienst2:74: in function 'oplosPlus'
	./dienst2:95: in function 'vt'
	./dienst2:108: in function <./dienst2:45>
stack traceback:
	./lisp.lua:5: in function 'isatoom'
	./dienst2:74: in function 'oplosPlus'
	./dienst2:95: in function 'vt'
	./dienst2:108: in function <./dienst2:45>
stack traceback:
	./lisp.lua:5: in function 'isatoom'
	./dienst2:74: in function 'oplosPlus'
	./dienst2:95: in function 'vt'
	./dienst2:108: in function <./dienst2:45>
stack traceback:
	./lisp.lua:5: in function 'isatoom'
	./dienst2:74: in function 'oplosPlus'
	./dienst2:95: in function 'vt'
	./dienst2:108: in function <./dienst2:45>
stack traceback:
	./lisp.lua:5: in function 'isatoom'
	./dienst2:74: in function 'oplosPlus'
	./dienst2:95: in function 'vt'
	./dienst2:108: in function <./dienst2:45>
stack traceback:
	./lisp.lua:5: in function 'isatoom'
	./dienst2:74: in function 'oplosPlus'
	./dienst2:95: in function 'vt'
	./dienst2:108: in function <./dienst2:45>
stack traceback:
	./lisp.lua:5: in function 'isatoom'
	./dienst2:74: in function 'oplosPlus'
	./dienst2:95: in function 'vt'
	./dienst2:108: in function <./dienst2:45>
stack traceback:
	./lisp.lua:5: in function 'isatoom'
	./dienst2:74: in function 'oplosPlus'
	./dienst2:95: in function 'vt'
	./dienst2:108: in function <./dienst2:45>
stack traceback:
	./lisp.lua:5: in function 'isatoom'
	./dienst2:74: in function 'oplosPlus'
	./dienst2:95: in function 'vt'
	./dienst2:108: in function <./dienst2:45>
stack traceback:
	./lisp.lua:5: in function 'isatoom'
	./dienst2:74: in function 'oplosPlus'
	./dienst2:95: in function 'vt'
	./dienst2:108: in function <./dienst2:45>
stack traceback:
	./lisp.lua:5: in function 'isatoom'
	./dienst2:74: in function 'oplosPlus'
	./dienst2:95: in function 'vt'
	./dienst2:108: in function <./dienst2:45>
stack traceback:
	./lisp.lua:5: in function 'isatoom'
	./dienst2:74: in function 'oplosPlus'
	./dienst2:95: in function 'vt'
	./dienst2:108: in function <./dienst2:45>
stack traceback:
	./lisp.lua:5: in function 'isatoom'
	./dienst2:74: in function 'oplosPlus'
	./dienst2:95: in function 'vt'
	./dienst2:108: in function <./dienst2:45>
stack traceback:
	./lisp.lua:5: in function 'isatoom'
	./dienst2:74: in function 'oplosPlus'
	./dienst2:95: in function 'vt'
	./dienst2:108: in function <./dienst2:45>
stack traceback:
	./lisp.lua:5: in function 'isatoom'
	./dienst2:74: in function 'oplosPlus'
	./dienst2:95: in function 'vt'
	./dienst2:108: in function <./dienst2:45>
stack traceback:
	./lisp.lua:5: in function 'isatoom'
	./dienst2:74: in function 'oplosPlus'
	./dienst2:95: in function 'vt'
	./dienst2:108: in function <./dienst2:45>
stack traceback:
	./lisp.lua:5: in function 'isatoom'
	./dienst2:74: in function 'oplosPlus'
	./dienst2:95: in function 'vt'
	./dienst2:108: in function <./dienst2:45>
stack traceback:
	./lisp.lua:5: in function 'isatoom'
	./dienst2:74: in function 'oplosPlus'
	./dienst2:95: in function 'vt'
	./dienst2:108: in function <./dienst2:45>
stack traceback:
	./lisp.lua:5: in function 'isatoom'
	./dienst2:74: in function 'oplosPlus'
	./dienst2:95: in function 'vt'
	./dienst2:108: in function <./dienst2:45>
stack traceback:
	./lisp.lua:5: in function 'isatoom'
	./dienst2:74: in function 'oplosPlus'
	./dienst2:95: in function 'vt'
	./dienst2:108: in function <./dienst2:45>
stack traceback:
	./lisp.lua:5: in function 'isatoom'
	./dienst2:74: in function 'oplosPlus'
	./dienst2:95: in function 'vt'
	./dienst2:108: in function <./dienst2:45>
stack traceback:
	./lisp.lua:5: in function 'isatoom'
	./dienst2:74: in function 'oplosPlus'
	./dienst2:95: in function 'vt'
	./dienst2:108: in function <./dienst2:45>
stack traceback:
	./lisp.lua:5: in function 'isatoom'
	./dienst2:74: in function 'oplosPlus'
	./dienst2:95: in function 'vt'
	./dienst2:108: in function <./dienst2:45>
Mon Apr  1 02:19:13 2019	"; dit programma tekent een paar cirkels... op een wel heel bijzondere wijze!\\ntekening = [ achtergrond, speler, bal ]\\n\\n\\nspeler = cirkel(pos, straal, geel)\\n\9pos = (x, y)\\n\9\9x = 0.9 + 0.5 · cos(looptijd)\\n\9\9y = 0.5 + 0.5 · sin(looptijd)\\n\9straal = 0.2\\n\\nachtergrond = rechthoek((0,0), (16/9,1), achtergrondkleur)\\n\9achtergrondkleur = (0, 0, sin looptijd + 0.5)\\n\\nbal = cirkel(balpos, 0.3, zwart)\\n\9balpos = (sin(looptijd·2)+1, 0.5)\\n\\n\\n; ongebruikt\\ninterpoleer = (a, b, n) → (a₀·n+b₀·(1- n), a₁·n+b₁·(1- n), a₂·n+b₂·(1- n))\\n\\n; bieb\\ncirkel = c → (0, c₀, c₁, c₂)\\nrechthoek = v → (1, v₀, v₁, v₂)\\nzwart = (0,0,0)\\ngroen = (0,1,0)\\ngeel = (1,1,0)\\nrood = (1,0,0)\\nuit = \"druk op Speel\"\\n"	druk op Speel
stack traceback:
	./lisp.lua:5: in function 'isatoom'
	./dienst2:74: in function 'oplosPlus'
	./dienst2:95: in function 'vt'
	./dienst2:108: in function <./dienst2:45>
stack traceback:
	./lisp.lua:5: in function 'isatoom'
	./dienst2:74: in function 'oplosPlus'
	./dienst2:95: in function 'vt'
	./dienst2:108: in function <./dienst2:45>
stack traceback:
	./lisp.lua:5: in function 'isatoom'
	./dienst2:74: in function 'oplosPlus'
	./dienst2:95: in function 'vt'
	./dienst2:108: in function <./dienst2:45>
stack traceback:
	./lisp.lua:5: in function 'isatoom'
	./dienst2:74: in function 'oplosPlus'
	./dienst2:95: in function 'vt'
	./dienst2:108: in function <./dienst2:45>
stack traceback:
	./lisp.lua:5: in function 'isatoom'
	./dienst2:74: in function 'oplosPlus'
	./dienst2:95: in function 'vt'
	./dienst2:108: in function <./dienst2:45>
stack traceback:
	./lisp.lua:5: in function 'isatoom'
	./dienst2:74: in function 'oplosPlus'
	./dienst2:95: in function 'vt'
	./dienst2:108: in function <./dienst2:45>
stack traceback:
	./lisp.lua:5: in function 'isatoom'
	./dienst2:74: in function 'oplosPlus'
	./dienst2:95: in function 'vt'
	./dienst2:108: in function <./dienst2:45>
Mon Apr  1 02:32:19 2019	"f = [somA, i, j] → (j ≤ 4e6 ⇒ [somB, j, i + j])\\nj mod 2 = 0  ⇒ somB = somA + j\\nj mod 2 ≠ 0  ⇒ somB = somA\\n\\na = ((herhaal f) [0, 1, 1])₀\\nuit = tekst(a)\\n\\n; Each new term in the Fibonacci sequence is generated by adding the previous two terms. By starting with 1 and 2, the first 10 terms will be:\\n\\n; 1, 2, 3, 5, 8, 13, 21, 34, 55, 89, ...\\n\\n; By considering the terms in the Fibonacci sequence whose values do not exceed four million, find the sum of the even-valued terms.\\n"	4613732
stack traceback:
	./lisp.lua:5: in function 'isatoom'
	./dienst2:74: in function 'oplosPlus'
	./dienst2:95: in function 'vt'
	./dienst2:108: in function <./dienst2:45>
stack traceback:
	./lisp.lua:5: in function 'isatoom'
	./dienst2:74: in function 'oplosPlus'
	./dienst2:95: in function 'vt'
	./dienst2:108: in function <./dienst2:45>
stack traceback:
	./lisp.lua:5: in function 'isatoom'
	./dienst2:74: in function 'oplosPlus'
	./dienst2:95: in function 'vt'
	./dienst2:108: in function <./dienst2:45>
stack traceback:
	./lisp.lua:5: in function 'isatoom'
	./dienst2:74: in function 'oplosPlus'
	./dienst2:95: in function 'vt'
	./dienst2:108: in function <./dienst2:45>
stack traceback:
	./lisp.lua:5: in function 'isatoom'
	./dienst2:74: in function 'oplosPlus'
	./dienst2:95: in function 'vt'
	./dienst2:108: in function <./dienst2:45>
stack traceback:
	./lisp.lua:5: in function 'isatoom'
	./dienst2:74: in function 'oplosPlus'
	./dienst2:95: in function 'vt'
	./dienst2:108: in function <./dienst2:45>
stack traceback:
	./lisp.lua:5: in function 'isatoom'
	./dienst2:74: in function 'oplosPlus'
	./dienst2:95: in function 'vt'
	./dienst2:108: in function <./dienst2:45>
stack traceback:
	./lisp.lua:5: in function 'isatoom'
	./dienst2:74: in function 'oplosPlus'
	./dienst2:95: in function 'vt'
	./dienst2:108: in function <./dienst2:45>
stack traceback:
	./lisp.lua:5: in function 'isatoom'
	./dienst2:74: in function 'oplosPlus'
	./dienst2:95: in function 'vt'
	./dienst2:108: in function <./dienst2:45>
stack traceback:
	./lisp.lua:5: in function 'isatoom'
	./dienst2:74: in function 'oplosPlus'
	./dienst2:95: in function 'vt'
	./dienst2:108: in function <./dienst2:45>
stack traceback:
	./lisp.lua:5: in function 'isatoom'
	./dienst2:74: in function 'oplosPlus'
	./dienst2:95: in function 'vt'
	./dienst2:108: in function <./dienst2:45>
stack traceback:
	./lisp.lua:5: in function 'isatoom'
	./dienst2:74: in function 'oplosPlus'
	./dienst2:95: in function 'vt'
	./dienst2:108: in function <./dienst2:45>
stack traceback:
	./lisp.lua:5: in function 'isatoom'
	./dienst2:74: in function 'oplosPlus'
	./dienst2:95: in function 'vt'
	./dienst2:108: in function <./dienst2:45>
stack traceback:
	./lisp.lua:5: in function 'isatoom'
	./dienst2:74: in function 'oplosPlus'
	./dienst2:95: in function 'vt'
	./dienst2:108: in function <./dienst2:45>
stack traceback:
	./lisp.lua:5: in function 'isatoom'
	./dienst2:74: in function 'oplosPlus'
	./dienst2:95: in function 'vt'
	./dienst2:108: in function <./dienst2:45>
stack traceback:
	./lisp.lua:5: in function 'isatoom'
	./dienst2:74: in function 'oplosPlus'
	./dienst2:95: in function 'vt'
	./dienst2:108: in function <./dienst2:45>
stack traceback:
	./lisp.lua:5: in function 'isatoom'
	./dienst2:74: in function 'oplosPlus'
	./dienst2:95: in function 'vt'
	./dienst2:108: in function <./dienst2:45>
stack traceback:
	./lisp.lua:5: in function 'isatoom'
	./dienst2:74: in function 'oplosPlus'
	./dienst2:95: in function 'vt'
	./dienst2:108: in function <./dienst2:45>
stack traceback:
	./lisp.lua:5: in function 'isatoom'
	./dienst2:74: in function 'oplosPlus'
	./dienst2:95: in function 'vt'
	./dienst2:108: in function <./dienst2:45>
stack traceback:
	./lisp.lua:5: in function 'isatoom'
	./dienst2:74: in function 'oplosPlus'
	./dienst2:95: in function 'vt'
	./dienst2:108: in function <./dienst2:45>
stack traceback:
	./lisp.lua:5: in function 'isatoom'
	./dienst2:74: in function 'oplosPlus'
	./dienst2:95: in function 'vt'
	./dienst2:108: in function <./dienst2:45>
stack traceback:
	./lisp.lua:5: in function 'isatoom'
	./dienst2:74: in function 'oplosPlus'
	./dienst2:95: in function 'vt'
	./dienst2:108: in function <./dienst2:45>
stack traceback:
	./lisp.lua:5: in function 'isatoom'
	./dienst2:74: in function 'oplosPlus'
	./dienst2:95: in function 'vt'
	./dienst2:108: in function <./dienst2:45>
Mon Apr  1 02:51:34 2019	"; dit programma tekent een paar cirkels... op een wel heel bijzondere wijze!\\ntekening = [ achtergrond, (2, (0.3,0.3), \"ok\", geel) ]\\n\\n\\nspeler = cirkel(pos, straal, geel)\\n\9pos = (x, y)\\n\9\9x = 0.9 + 0.5 · cos(looptijd)\\n\9\9y = 0.5 + 0.5 · sin(looptijd)\\n\9straal = 0.2\\n\\nachtergrond = rechthoek((0,0), (16/9,1), achtergrondkleur)\\n\9achtergrondkleur = (0, 0, sin looptijd + 0.5)\\n\\nbal = cirkel(balpos, 0.3, zwart)\\n\9balpos = (sin(looptijd·2)+1, 0.5)\\n\\n\\n; ongebruikt\\ninterpoleer = (a, b, n) → (a₀·n+b₀·(1- n), a₁·n+b₁·(1- n), a₂·n+b₂·(1- n))\\n\\n; bieb\\ncirkel = c → (0, c₀, c₁, c₂)\\nrechthoek = v → (1, v₀, v₁, v₂)\\nzwart = (0,0,0)\\ngroen = (0,1,0)\\ngeel = (1,1,0)\\nrood = (1,0,0)\\nuit = \"druk op Speel\"\\n"	druk op Speel
stack traceback:
	./lisp.lua:5: in function 'isatoom'
	./dienst2:74: in function 'oplosPlus'
	./dienst2:95: in function 'vt'
	./dienst2:108: in function <./dienst2:45>
stack traceback:
	./lisp.lua:5: in function 'isatoom'
	./dienst2:74: in function 'oplosPlus'
	./dienst2:95: in function 'vt'
	./dienst2:108: in function <./dienst2:45>
stack traceback:
	./lisp.lua:5: in function 'isatoom'
	./dienst2:74: in function 'oplosPlus'
	./dienst2:95: in function 'vt'
	./dienst2:108: in function <./dienst2:45>
stack traceback:
	./lisp.lua:5: in function 'isatoom'
	./dienst2:74: in function 'oplosPlus'
	./dienst2:95: in function 'vt'
	./dienst2:108: in function <./dienst2:45>
stack traceback:
	./lisp.lua:5: in function 'isatoom'
	./dienst2:74: in function 'oplosPlus'
	./dienst2:95: in function 'vt'
	./dienst2:108: in function <./dienst2:45>
stack traceback:
	./lisp.lua:5: in function 'isatoom'
	./dienst2:74: in function 'oplosPlus'
	./dienst2:95: in function 'vt'
	./dienst2:108: in function <./dienst2:45>
stack traceback:
	./lisp.lua:5: in function 'isatoom'
	./dienst2:74: in function 'oplosPlus'
	./dienst2:95: in function 'vt'
	./dienst2:108: in function <./dienst2:45>
stack traceback:
	./lisp.lua:5: in function 'isatoom'
	./dienst2:74: in function 'oplosPlus'
	./dienst2:95: in function 'vt'
	./dienst2:108: in function <./dienst2:45>
stack traceback:
	./lisp.lua:5: in function 'isatoom'
	./dienst2:74: in function 'oplosPlus'
	./dienst2:95: in function 'vt'
	./dienst2:108: in function <./dienst2:45>
stack traceback:
	./lisp.lua:5: in function 'isatoom'
	./dienst2:74: in function 'oplosPlus'
	./dienst2:95: in function 'vt'
	./dienst2:108: in function <./dienst2:45>
stack traceback:
	./lisp.lua:5: in function 'isatoom'
	./dienst2:74: in function 'oplosPlus'
	./dienst2:95: in function 'vt'
	./dienst2:108: in function <./dienst2:45>
stack traceback:
	./lisp.lua:5: in function 'isatoom'
	./dienst2:74: in function 'oplosPlus'
	./dienst2:95: in function 'vt'
	./dienst2:108: in function <./dienst2:45>
stack traceback:
	./lisp.lua:5: in function 'isatoom'
	./dienst2:74: in function 'oplosPlus'
	./dienst2:95: in function 'vt'
	./dienst2:108: in function <./dienst2:45>
stack traceback:
	./lisp.lua:5: in function 'isatoom'
	./dienst2:74: in function 'oplosPlus'
	./dienst2:95: in function 'vt'
	./dienst2:108: in function <./dienst2:45>
stack traceback:
	./lisp.lua:5: in function 'isatoom'
	./dienst2:74: in function 'oplosPlus'
	./dienst2:95: in function 'vt'
	./dienst2:108: in function <./dienst2:45>
stack traceback:
	./lisp.lua:5: in function 'isatoom'
	./dienst2:74: in function 'oplosPlus'
	./dienst2:95: in function 'vt'
	./dienst2:108: in function <./dienst2:45>
stack traceback:
	./lisp.lua:5: in function 'isatoom'
	./dienst2:74: in function 'oplosPlus'
	./dienst2:95: in function 'vt'
	./dienst2:108: in function <./dienst2:45>
stack traceback:
	./lisp.lua:5: in function 'isatoom'
	./dienst2:74: in function 'oplosPlus'
	./dienst2:95: in function 'vt'
	./dienst2:108: in function <./dienst2:45>
stack traceback:
	./lisp.lua:5: in function 'isatoom'
	./dienst2:74: in function 'oplosPlus'
	./dienst2:95: in function 'vt'
	./dienst2:108: in function <./dienst2:45>
stack traceback:
	./lisp.lua:5: in function 'isatoom'
	./dienst2:74: in function 'oplosPlus'
	./dienst2:95: in function 'vt'
	./dienst2:108: in function <./dienst2:45>
stack traceback:
	./lisp.lua:5: in function 'isatoom'
	./dienst2:74: in function 'oplosPlus'
	./dienst2:95: in function 'vt'
	./dienst2:108: in function <./dienst2:45>
stack traceback:
	./lisp.lua:5: in function 'isatoom'
	./dienst2:74: in function 'oplosPlus'
	./dienst2:95: in function 'vt'
	./dienst2:108: in function <./dienst2:45>
stack traceback:
	./lisp.lua:5: in function 'isatoom'
	./dienst2:74: in function 'oplosPlus'
	./dienst2:95: in function 'vt'
	./dienst2:108: in function <./dienst2:45>
stack traceback:
	./lisp.lua:5: in function 'isatoom'
	./dienst2:74: in function 'oplosPlus'
	./dienst2:95: in function 'vt'
	./dienst2:108: in function <./dienst2:45>
Mon Apr  1 03:00:55 2019	"; dit programma tekent een paar cirkels... op een wel heel bijzondere wijze!\\ntekening = [ achtergrond, speler, bal, groet ]\\na = \"hoi\" || tekst(looptijd)\\ngroet = schrijf((0, 0), \"hoi\", wit)\\n\\n\\nspeler = cirkel(pos, straal, geel)\\n\9pos = (x, y)\\n\9\9x = 0.9 + 0.5 · cos(looptijd)\\n\9\9y = 0.5 + 0.5 · sin(looptijd)\\n\9straal = 0.2\\n\\nachtergrond = rechthoek((0,0), (16/9,1), achtergrondkleur)\\n\9achtergrondkleur = (0, 0, sin looptijd + 0.5)\\n\\nbal = cirkel(balpos, 0.3, zwart)\\n\9balpos = (sin(looptijd·2)+1, 0.5)\\n\\n\\n; bieb\\ncirkel = c → (0, c₀, c₁, c₂)\\nrechthoek = v → (1, v₀, v₁, v₂)\\nschrijf = t → (2, t₀, t₁, t₂)\\nzwart = (0,0,0)\\nwit = (1,1,1)\\ngroen = (0,1,0)\\ngeel = (1,1,0)\\nrood = (1,0,0)\\nuit = \"druk op Speel\"\\n"	druk op Speel
stack traceback:
	./lisp.lua:5: in function 'isatoom'
	./dienst2:74: in function 'oplosPlus'
	./dienst2:95: in function 'vt'
	./dienst2:108: in function <./dienst2:45>
stack traceback:
	./lisp.lua:5: in function 'isatoom'
	./dienst2:74: in function 'oplosPlus'
	./dienst2:95: in function 'vt'
	./dienst2:108: in function <./dienst2:45>
stack traceback:
	./lisp.lua:5: in function 'isatoom'
	./dienst2:74: in function 'oplosPlus'
	./dienst2:95: in function 'vt'
	./dienst2:108: in function <./dienst2:45>
stack traceback:
	./lisp.lua:5: in function 'isatoom'
	./dienst2:74: in function 'oplosPlus'
	./dienst2:95: in function 'vt'
	./dienst2:108: in function <./dienst2:45>
Mon Apr  1 03:02:09 2019	"a² + b² = c²\\n\9b = 4\\n\9c = 5\\nuit = \"a = \" || tekst(a)\\n\\n; bereken de lengte van a, gegeven b en c\\n; a /\\ c\\n;  /__\\\\n;    b\\n\9"	a = 3
stack traceback:
	./lisp.lua:5: in function 'isatoom'
	./dienst2:74: in function 'oplosPlus'
	./dienst2:95: in function 'vt'
	./dienst2:108: in function <./dienst2:45>
stack traceback:
	./lisp.lua:5: in function 'isatoom'
	./dienst2:74: in function 'oplosPlus'
	./dienst2:95: in function 'vt'
	./dienst2:108: in function <./dienst2:45>
stack traceback:
	./lisp.lua:5: in function 'isatoom'
	./dienst2:74: in function 'oplosPlus'
	./dienst2:95: in function 'vt'
	./dienst2:108: in function <./dienst2:45>
stack traceback:
	./lisp.lua:5: in function 'isatoom'
	./dienst2:74: in function 'oplosPlus'
	./dienst2:95: in function 'vt'
	./dienst2:108: in function <./dienst2:45>
stack traceback:
	./lisp.lua:5: in function 'isatoom'
	./dienst2:74: in function 'oplosPlus'
	./dienst2:95: in function 'vt'
	./dienst2:108: in function <./dienst2:45>
stack traceback:
	./lisp.lua:5: in function 'isatoom'
	./dienst2:74: in function 'oplosPlus'
	./dienst2:95: in function 'vt'
	./dienst2:108: in function <./dienst2:45>
stack traceback:
	./lisp.lua:5: in function 'isatoom'
	./dienst2:74: in function 'oplosPlus'
	./dienst2:95: in function 'vt'
	./dienst2:108: in function <./dienst2:45>
stack traceback:
	./lisp.lua:5: in function 'isatoom'
	./dienst2:74: in function 'oplosPlus'
	./dienst2:95: in function 'vt'
	./dienst2:108: in function <./dienst2:45>
stack traceback:
	./lisp.lua:5: in function 'isatoom'
	./dienst2:74: in function 'oplosPlus'
	./dienst2:95: in function 'vt'
	./dienst2:108: in function <./dienst2:45>
stack traceback:
	./lisp.lua:5: in function 'isatoom'
	./dienst2:74: in function 'oplosPlus'
	./dienst2:95: in function 'vt'
	./dienst2:108: in function <./dienst2:45>
stack traceback:
	./lisp.lua:5: in function 'isatoom'
	./dienst2:74: in function 'oplosPlus'
	./dienst2:95: in function 'vt'
	./dienst2:108: in function <./dienst2:45>
stack traceback:
	./lisp.lua:5: in function 'isatoom'
	./dienst2:74: in function 'oplosPlus'
	./dienst2:95: in function 'vt'
	./dienst2:108: in function <./dienst2:45>
stack traceback:
	./lisp.lua:5: in function 'isatoom'
	./dienst2:74: in function 'oplosPlus'
	./dienst2:95: in function 'vt'
	./dienst2:108: in function <./dienst2:45>
stack traceback:
	./lisp.lua:5: in function 'isatoom'
	./dienst2:74: in function 'oplosPlus'
	./dienst2:95: in function 'vt'
	./dienst2:108: in function <./dienst2:45>
stack traceback:
	./lisp.lua:5: in function 'isatoom'
	./dienst2:74: in function 'oplosPlus'
	./dienst2:95: in function 'vt'
	./dienst2:108: in function <./dienst2:45>
stack traceback:
	./lisp.lua:5: in function 'isatoom'
	./dienst2:74: in function 'oplosPlus'
	./dienst2:95: in function 'vt'
	./dienst2:108: in function <./dienst2:45>
stack traceback:
	./lisp.lua:5: in function 'isatoom'
	./dienst2:74: in function 'oplosPlus'
	./dienst2:95: in function 'vt'
	./dienst2:108: in function <./dienst2:45>
stack traceback:
	./lisp.lua:5: in function 'isatoom'
	./dienst2:74: in function 'oplosPlus'
	./dienst2:95: in function 'vt'
	./dienst2:108: in function <./dienst2:45>
stack traceback:
	./lisp.lua:5: in function 'isatoom'
	./dienst2:74: in function 'oplosPlus'
	./dienst2:95: in function 'vt'
	./dienst2:108: in function <./dienst2:45>
stack traceback:
	./lisp.lua:5: in function 'isatoom'
	./dienst2:74: in function 'oplosPlus'
	./dienst2:95: in function 'vt'
	./dienst2:108: in function <./dienst2:45>
stack traceback:
	./lisp.lua:5: in function 'isatoom'
	./dienst2:74: in function 'oplosPlus'
	./dienst2:95: in function 'vt'
	./dienst2:108: in function <./dienst2:45>
stack traceback:
	./lisp.lua:5: in function 'isatoom'
	./dienst2:74: in function 'oplosPlus'
	./dienst2:95: in function 'vt'
	./dienst2:108: in function <./dienst2:45>
stack traceback:
	./lisp.lua:5: in function 'isatoom'
	./dienst2:74: in function 'oplosPlus'
	./dienst2:95: in function 'vt'
	./dienst2:108: in function <./dienst2:45>
stack traceback:
	./lisp.lua:5: in function 'isatoom'
	./dienst2:74: in function 'oplosPlus'
	./dienst2:95: in function 'vt'
	./dienst2:108: in function <./dienst2:45>
Mon Apr  1 03:07:23 2019	"; dit programma tekent een paar cirkels... op een wel heel bijzondere wijze!\\ntekening = [ achtergrond, speler, bal, groet ]\\n\\ngroet = schrijf(groetpos, \"Hoi\", wit)\\n\9groetpos = (0, (1 + sin looptijd) / 2)\\n\\n\\nspeler = cirkel(pos, straal, geel)\\n\9pos = (x, y)\\n\9\9x = 0.9 + 0.5 · cos(looptijd)\\n\9\9y = 0.5 + 0.5 · sin(looptijd)\\n\9straal = 0.2\\n\\nachtergrond = rechthoek((0,0), (9/5,1), achtergrondkleur)\\n\9achtergrondkleur = (0, 0, sin looptijd + 0.5)\\n\\nbal = cirkel(balpos, 0.3, zwart)\\n\9balpos = (sin(looptijd·2)+1, 0.5)\\n\\n\\n; bieb\\ncirkel = c → (0, c₀, c₁, c₂)\\nrechthoek = v → (1, v₀, v₁, v₂)\\nschrijf = t → (2, t₀, t₁, t₂)\\nzwart = (0,0,0)\\nwit = (1,1,1)\\ngroen = (0,1,0)\\ngeel = (1,1,0)\\nrood = (1,0,0)\\nuit = \"druk op Speel\"\\n"	druk op Speel
8:4-5: syntax error, unexpected '='
ERR	./oplos.lua:94: attempt to index field 'fn' (a nil value)
